#
# A fatal error has been detected by the Java Runtime Environment:
#
#  EXCEPTION_ACCESS_VIOLATION (0xc0000005) at pc=0x000000007245ba43, pid=18716, tid=16556
#
# JRE version: OpenJDK Runtime Environment (17.0.2+8) (build 17.0.2+8-86)
# Java VM: OpenJDK 64-Bit Server VM (17.0.2+8-86, mixed mode, sharing, tiered, compressed oops, compressed class ptrs, g1 gc, windows-amd64)
# Problematic frame:
# C  [gdx-box2d64.dll+0xba43]
#
# No core dump will be written. Minidumps are not enabled by default on client versions of Windows
#
# If you would like to submit a bug report, please visit:
#   https://bugreport.java.com/bugreport/crash.jsp
# The crash happened outside the Java Virtual Machine in native code.
# See problematic frame for where to report the bug.
#

---------------  S U M M A R Y ------------

Command Line: -Dfile.encoding=GBK -Duser.country=CN -Duser.language=zh -Duser.variant com.deco2800.game.desktop.DesktopLauncher

Host: AMD Ryzen 5 3600X 6-Core Processor             , 12 cores, 15G,  Windows 11 , 64 bit Build 22000 (10.0.22000.708)
Time: Mon Oct 17 17:29:01 2022  Windows 11 , 64 bit Build 22000 (10.0.22000.708) elapsed time: 136.124135 seconds (0d 0h 2m 16s)

---------------  T H R E A D  ---------------

Current thread (0x0000022bbe1c4960):  JavaThread "main" [_thread_in_native, id=16556, stack(0x000000c98ae00000,0x000000c98af00000)]

Stack: [0x000000c98ae00000,0x000000c98af00000],  sp=0x000000c98aefea10,  free space=1018k
Native frames: (J=compiled Java code, j=interpreted, Vv=VM code, C=native code)
C  [gdx-box2d64.dll+0xba43]

Java frames: (J=compiled Java code, j=interpreted, Vv=VM code)
j  com.badlogic.gdx.physics.box2d.World.jniCreateBody(JIFFFFFFFFZZZZZF)J+0
j  com.badlogic.gdx.physics.box2d.World.createBody(Lcom/badlogic/gdx/physics/box2d/BodyDef;)Lcom/badlogic/gdx/physics/box2d/Body;+80
j  com.deco2800.game.physics.PhysicsEngine.createBody(Lcom/badlogic/gdx/physics/box2d/BodyDef;)Lcom/badlogic/gdx/physics/box2d/Body;+16
j  com.deco2800.game.physics.components.PhysicsComponent.<init>(Lcom/deco2800/game/physics/PhysicsEngine;)V+51
j  com.deco2800.game.physics.components.PhysicsComponent.<init>()V+7
j  com.deco2800.game.entities.factories.NPCFactory.createBaseEnemy(Lcom/deco2800/game/entities/Entity;)Lcom/deco2800/game/entities/Enemy;+50
j  com.deco2800.game.entities.factories.NPCFactory.createPirateCrabEnemy(Lcom/deco2800/game/entities/Entity;)Lcom/deco2800/game/entities/Entity;+1
j  com.deco2800.game.areas.ForestGameArea.spawnPirateCrabEnemy()V+4
j  com.deco2800.game.areas.ForestGameArea.spawnSetEnemies(Lcom/deco2800/game/services/DayNightCycleStatus;)V+48
j  com.deco2800.game.areas.ForestGameArea$$Lambda$124+0x0000000800d15340.handle(Ljava/lang/Object;)V+8
J 3428 c1 com.deco2800.game.events.EventHandler$$Lambda$92+0x0000000800cd7858.accept(Ljava/lang/Object;)V (12 bytes) @ 0x0000022bc665e4c4 [0x0000022bc665e160+0x0000000000000364]
J 3677 c2 java.lang.Iterable.forEach(Ljava/util/function/Consumer;)V java.base@17.0.2 (39 bytes) @ 0x0000022bcd784848 [0x0000022bcd7846e0+0x0000000000000168]
J 3426 c1 com.deco2800.game.events.EventHandler.trigger(Ljava/lang/String;Ljava/lang/Object;)V (16 bytes) @ 0x0000022bc665d5cc [0x0000022bc665ce60+0x000000000000076c]
j  com.deco2800.game.services.DayNightCycleService.lambda$setPartOfDayTo$4(Lcom/deco2800/game/services/DayNightCycleStatus;)V+7
j  com.deco2800.game.services.DayNightCycleService$$Lambda$160+0x0000000800d25960.run()V+8
j  com.badlogic.gdx.backends.lwjgl3.Lwjgl3Application.loop()V+247
j  com.badlogic.gdx.backends.lwjgl3.Lwjgl3Application.<init>(Lcom/badlogic/gdx/ApplicationListener;Lcom/badlogic/gdx/backends/lwjgl3/Lwjgl3ApplicationConfiguration;)V+269
j  com.deco2800.game.desktop.DesktopLauncher.main([Ljava/lang/String;)V+20
v  ~StubRoutines::call_stub

siginfo: EXCEPTION_ACCESS_VIOLATION (0xc0000005), reading address 0x0000003600000002


Register to memory mapping:

RIP=0x000000007245ba43 gdx-box2d64.dll
RAX=0x000000007249f060 gdx-box2d64.dll
RBX=0x0000003600000002 is an unknown value
RCX=0x0000022bed047dc0 points into unknown readable memory: 0x0000022be52e7290 | 90 72 2e e5 2b 02 00 00
RDX=0x00000000000000b8 is an unknown value
RSP=0x000000c98aefea10 is pointing into the stack for thread: 0x0000022bbe1c4960
RBP=0x0000022bed047df0 points into unknown readable memory: 0x0000000000000000 | 00 00 00 00 00 00 00 00
RSI=0x0000022bed047dc0 points into unknown readable memory: 0x0000022be52e7290 | 90 72 2e e5 2b 02 00 00
RDI=0x00000000001e0c8a is an unknown value
R8 =0x0000022bed047dc0 points into unknown readable memory: 0x0000022be52e7290 | 90 72 2e e5 2b 02 00 00
R9 =0x0000000000000002 is an unknown value
R10=0x0000000000000001 is an unknown value
R11=0x0000000000000001 is an unknown value
R12=0x0000000000000006 is an unknown value
R13={method} {0x0000022bea1f5fb0} 'jniCreateBody' '(JIFFFFFFFFZZZZZF)J' in 'com/badlogic/gdx/physics/box2d/World'
R14=0x000000c98aefece8 is pointing into the stack for thread: 0x0000022bbe1c4960
R15=0x0000022bbe1c4960 is a thread


Registers:
RAX=0x000000007249f060, RBX=0x0000003600000002, RCX=0x0000022bed047dc0, RDX=0x00000000000000b8
RSP=0x000000c98aefea10, RBP=0x0000022bed047df0, RSI=0x0000022bed047dc0, RDI=0x00000000001e0c8a
R8 =0x0000022bed047dc0, R9 =0x0000000000000002, R10=0x0000000000000001, R11=0x0000000000000001
R12=0x0000000000000006, R13=0x0000022bea1f5fa8, R14=0x000000c98aefece8, R15=0x0000022bbe1c4960
RIP=0x000000007245ba43, EFLAGS=0x0000000000010202

Top of Stack: (sp=0x000000c98aefea10)
0x000000c98aefea10:   0000000000000020 0000022bbe1c4960
0x000000c98aefea20:   000000c98aefeb40 0000000700e89c90
0x000000c98aefea30:   0000022bea1f5fa8 0000022bbe1c4960
0x000000c98aefea40:   00007fff7b230988 0000022bed047dc0
0x000000c98aefea50:   000000c98aefeaf0 00000000001e0c8a
0x000000c98aefea60:   000000c98aefec40 0000000000000000
0x000000c98aefea70:   0000022bea1f5fa8 0000000072470e22
0x000000c98aefea80:   000000c98aefec58 000000c98aefebd0
0x000000c98aefea90:   000000c98aefeb30 000000c98aefeb30
0x000000c98aefeaa0:   0000000000000003 0000022bea1f5fa8
0x000000c98aefeab0:   0000022bbe1c4960 0000000000000001
0x000000c98aefeac0:   0000022be1410de0 00000000724766e6
0x000000c98aefead0:   0000022bbe1c4960 000000c98aefece8
0x000000c98aefeae0:   000000c98aefec40 0000022bc5a08f0b
0x000000c98aefeaf0:   0000000000000002 0000000000000000
0x000000c98aefeb00:   0000000000000000 40a0000000000000 

Instructions: (pc=0x000000007245ba43)
0x000000007245b943:   f6 48 8d 2d b5 16 03 00 48 8d 3d 0e 37 04 00 4c
0x000000007245b953:   8d 2d f7 31 03 00 4c 8d 25 55 32 03 00 eb 1a 83
0x000000007245b963:   fe 0d 7e 11 41 b8 49 00 00 00 4c 89 ea 4c 89 e1
0x000000007245b973:   e8 18 82 02 00 48 83 c3 01 48 63 c6 39 5c 85 00
0x000000007245b983:   7d 03 83 c6 01 48 81 fb 80 02 00 00 40 88 34 1f
0x000000007245b993:   75 cd c6 05 a4 36 04 00 01 48 83 c4 28 5b 5e 5f
0x000000007245b9a3:   5d 41 5c 41 5d c3 90 66 0f 1f 44 00 00 57 56 53
0x000000007245b9b3:   48 83 ec 20 8b 41 08 48 89 cf 85 c0 7e 1d 31 f6
0x000000007245b9c3:   31 db 48 8b 07 83 c3 01 48 8b 4c 30 08 48 83 c6
0x000000007245b9d3:   10 e8 a7 08 00 00 39 5f 08 7f e7 48 8b 0f 48 83
0x000000007245b9e3:   c4 20 5b 5e 5f e9 93 08 00 00 90 66 90 41 55 41
0x000000007245b9f3:   54 55 57 56 53 48 83 ec 38 48 63 da 48 89 ce 83
0x000000007245ba03:   fb 00 0f 84 95 01 00 00 0f 8e 6f 01 00 00 81 fb
0x000000007245ba13:   80 02 00 00 0f 8f 23 01 00 00 48 8d 05 3c 36 04
0x000000007245ba23:   00 44 0f b6 24 18 41 80 fc 0d 4c 89 e3 0f 87 da
0x000000007245ba33:   00 00 00 48 8d 2c de 48 8b 5d 10 48 85 db 74 1d
0x000000007245ba43:   48 8b 03 48 89 45 10 48 89 d8 48 83 c4 38 5b 5e
0x000000007245ba53:   5f 5d 41 5c 41 5d c3 66 0f 1f 44 00 00 48 63 46
0x000000007245ba63:   08 4c 8b 2e 3b 46 0c 0f 84 40 01 00 00 48 c1 e0
0x000000007245ba73:   04 b9 00 40 00 00 4d 63 e4 49 8d 7c 05 00 e8 ea
0x000000007245ba83:   07 00 00 48 89 c3 48 89 47 08 48 8d 05 6c 15 03
0x000000007245ba93:   00 46 8b 24 a0 b8 00 40 00 00 99 41 f7 fc 45 89
0x000000007245baa3:   e5 44 89 27 44 0f af e8 41 81 fd 00 40 00 00 0f
0x000000007245bab3:   8f 9b 00 00 00 83 f8 01 7e 23 49 63 d4 83 e8 01
0x000000007245bac3:   45 31 c0 49 89 d1 48 8d 0c 13 49 f7 d9 41 83 c0
0x000000007245bad3:   01 4a 89 0c 09 48 01 d1 41 39 c0 75 f0 45 29 e5
0x000000007245bae3:   4d 63 ed 4a c7 04 2b 00 00 00 00 48 8b 03 48 89
0x000000007245baf3:   45 10 83 46 08 01 48 89 d8 48 83 c4 38 5b 5e 5f
0x000000007245bb03:   5d 41 5c 41 5d c3 0f 1f 80 00 00 00 00 48 8d 15
0x000000007245bb13:   39 30 03 00 48 8d 0d b2 30 03 00 48 8d 2c de 41
0x000000007245bb23:   b8 70 00 00 00 e8 63 80 02 00 48 8b 5d 10 48 85
0x000000007245bb33:   db 0f 85 09 ff ff ff e9 21 ff ff ff 90 89 d9 48 


Stack slot to memory mapping:
stack at sp + 0 slots: 0x0000000000000020 is an unknown value
stack at sp + 1 slots: 0x0000022bbe1c4960 is a thread
stack at sp + 2 slots: 0x000000c98aefeb40 is pointing into the stack for thread: 0x0000022bbe1c4960
stack at sp + 3 slots: 0x0000000700e89c90 is an oop: java.util.Locale 
{0x0000000700e89c90} - klass: 'java/util/Locale'
 - ---- fields (total size 4 words):
 - private volatile transient 'hashCodeValue' 'I' @12  115834631 (6e77f07)
 - private transient 'baseLocale' 'Lsun/util/locale/BaseLocale;' @16  a 'sun/util/locale/BaseLocale'{0x0000000700e89cb0} (e01d1396)
 - private transient 'localeExtensions' 'Lsun/util/locale/LocaleExtensions;' @20  NULL (0)
 - private volatile transient 'languageTag' 'Ljava/lang/String;' @24  "zh-CN"{0x0000000700e89d30} (e01d13a6)
stack at sp + 4 slots: {method} {0x0000022bea1f5fb0} 'jniCreateBody' '(JIFFFFFFFFZZZZZF)J' in 'com/badlogic/gdx/physics/box2d/World'
stack at sp + 5 slots: 0x0000022bbe1c4960 is a thread
stack at sp + 6 slots: 0x00007fff7b230988 jvm.dll
stack at sp + 7 slots: 0x0000022bed047dc0 points into unknown readable memory: 0x0000022be52e7290 | 90 72 2e e5 2b 02 00 00


---------------  P R O C E S S  ---------------

Threads class SMR info:
_java_thread_list=0x0000022bf9a18470, length=22, elements={
0x0000022bbe1c4960, 0x0000022be13879a0, 0x0000022be1388550, 0x0000022be1c795a0,
0x0000022be1c7ae70, 0x0000022be1c7b820, 0x0000022be1c7c1d0, 0x0000022be1c7cf60,
0x0000022be1c8ac90, 0x0000022be1cab5a0, 0x0000022be1dd5870, 0x0000022be1de0380,
0x0000022be4212ef0, 0x0000022be45ce3c0, 0x0000022bec726890, 0x0000022bebc760c0,
0x0000022be24ab500, 0x0000022bf92f40e0, 0x0000022becc1a640, 0x0000022becc1d190,
0x0000022becc1a170, 0x0000022becc1c7f0
}

Java Threads: ( => current thread )
=>0x0000022bbe1c4960 JavaThread "main" [_thread_in_native, id=16556, stack(0x000000c98ae00000,0x000000c98af00000)]
  0x0000022be13879a0 JavaThread "Reference Handler" daemon [_thread_blocked, id=6244, stack(0x000000c98b500000,0x000000c98b600000)]
  0x0000022be1388550 JavaThread "Finalizer" daemon [_thread_blocked, id=16820, stack(0x000000c98b600000,0x000000c98b700000)]
  0x0000022be1c795a0 JavaThread "Signal Dispatcher" daemon [_thread_blocked, id=17848, stack(0x000000c98b700000,0x000000c98b800000)]
  0x0000022be1c7ae70 JavaThread "Attach Listener" daemon [_thread_blocked, id=16712, stack(0x000000c98b800000,0x000000c98b900000)]
  0x0000022be1c7b820 JavaThread "Service Thread" daemon [_thread_blocked, id=3252, stack(0x000000c98b900000,0x000000c98ba00000)]
  0x0000022be1c7c1d0 JavaThread "Monitor Deflation Thread" daemon [_thread_blocked, id=8172, stack(0x000000c98ba00000,0x000000c98bb00000)]
  0x0000022be1c7cf60 JavaThread "C2 CompilerThread0" daemon [_thread_blocked, id=13744, stack(0x000000c98bb00000,0x000000c98bc00000)]
  0x0000022be1c8ac90 JavaThread "C1 CompilerThread0" daemon [_thread_blocked, id=7144, stack(0x000000c98bc00000,0x000000c98bd00000)]
  0x0000022be1cab5a0 JavaThread "Sweeper thread" daemon [_thread_blocked, id=20112, stack(0x000000c98bd00000,0x000000c98be00000)]
  0x0000022be1dd5870 JavaThread "Notification Thread" daemon [_thread_blocked, id=17352, stack(0x000000c98be00000,0x000000c98bf00000)]
  0x0000022be1de0380 JavaThread "Common-Cleaner" daemon [_thread_blocked, id=15740, stack(0x000000c98c000000,0x000000c98c100000)]
  0x0000022be4212ef0 JavaThread "AssetManager" daemon [_thread_blocked, id=5040, stack(0x000000c98d400000,0x000000c98d500000)]
  0x0000022be45ce3c0 JavaThread "Timer" daemon [_thread_blocked, id=19416, stack(0x000000c98ca00000,0x000000c98cb00000)]
  0x0000022bec726890 JavaThread "LWJGL3 Timer" daemon [_thread_blocked, id=4208, stack(0x000000c98d500000,0x000000c98d600000)]
  0x0000022bebc760c0 JavaThread "Timer-0" [_thread_blocked, id=16236, stack(0x000000c98d800000,0x000000c98d900000)]
  0x0000022be24ab500 JavaThread "Timer-1" [_thread_blocked, id=17920, stack(0x000000c98d900000,0x000000c98da00000)]
  0x0000022bf92f40e0 JavaThread "ForkJoinPool-1-worker-1" daemon [_thread_blocked, id=1820, stack(0x000000c98d600000,0x000000c98d700000)]
  0x0000022becc1a640 JavaThread "Timer-2" [_thread_blocked, id=17164, stack(0x000000c98db00000,0x000000c98dc00000)]
  0x0000022becc1d190 JavaThread "Timer-3" [_thread_blocked, id=2292, stack(0x000000c98dc00000,0x000000c98dd00000)]
  0x0000022becc1a170 JavaThread "Timer-6" [_thread_blocked, id=8444, stack(0x000000c98ab00000,0x000000c98ac00000)]
  0x0000022becc1c7f0 JavaThread "Timer-7" [_thread_blocked, id=1268, stack(0x000000c98ac00000,0x000000c98ad00000)]

Other Threads:
  0x0000022be1384f30 VMThread "VM Thread" [stack: 0x000000c98b400000,0x000000c98b500000] [id=20952]
  0x0000022bbe279aa0 WatcherThread [stack: 0x000000c98bf00000,0x000000c98c000000] [id=17136]
  0x0000022bbe2158d0 GCTaskThread "GC Thread#0" [stack: 0x000000c98af00000,0x000000c98b000000] [id=5368]
  0x0000022be4130930 GCTaskThread "GC Thread#1" [stack: 0x000000c98cb00000,0x000000c98cc00000] [id=10952]
  0x0000022be41d6940 GCTaskThread "GC Thread#2" [stack: 0x000000c98cc00000,0x000000c98cd00000] [id=16456]
  0x0000022be41d55c0 GCTaskThread "GC Thread#3" [stack: 0x000000c98cd00000,0x000000c98ce00000] [id=17184]
  0x0000022be41d5870 GCTaskThread "GC Thread#4" [stack: 0x000000c98ce00000,0x000000c98cf00000] [id=22276]
  0x0000022be4280480 GCTaskThread "GC Thread#5" [stack: 0x000000c98cf00000,0x000000c98d000000] [id=5396]
  0x0000022be41bb230 GCTaskThread "GC Thread#6" [stack: 0x000000c98d000000,0x000000c98d100000] [id=21976]
  0x0000022be41bb4e0 GCTaskThread "GC Thread#7" [stack: 0x000000c98d100000,0x000000c98d200000] [id=10728]
  0x0000022be409f850 GCTaskThread "GC Thread#8" [stack: 0x000000c98d200000,0x000000c98d300000] [id=12064]
  0x0000022be409fb00 GCTaskThread "GC Thread#9" [stack: 0x000000c98d300000,0x000000c98d400000] [id=9384]
  0x0000022bbe226880 ConcurrentGCThread "G1 Main Marker" [stack: 0x000000c98b000000,0x000000c98b100000] [id=21392]
  0x0000022bbe227290 ConcurrentGCThread "G1 Conc#0" [stack: 0x000000c98b100000,0x000000c98b200000] [id=22148]
  0x0000022bbe28ec40 ConcurrentGCThread "G1 Refine#0" [stack: 0x000000c98b200000,0x000000c98b300000] [id=11608]
  0x0000022be123f730 ConcurrentGCThread "G1 Service" [stack: 0x000000c98b300000,0x000000c98b400000] [id=18660]

Threads with active compile tasks:

VM state: not at safepoint (normal execution)

VM Mutex/Monitor currently owned by a thread: None

Heap address: 0x0000000700e00000, size: 4082 MB, Compressed Oops mode: Zero based, Oop shift amount: 3

CDS archive(s) mapped at: [0x0000000800000000-0x0000000800bc0000-0x0000000800bc0000), size 12320768, SharedBaseAddress: 0x0000000800000000, ArchiveRelocationMode: 0.
Compressed class space mapped at: 0x0000000800c00000-0x0000000840c00000, reserved size: 1073741824
Narrow klass base: 0x0000000800000000, Narrow klass shift: 0, Narrow klass range: 0x100000000

GC Precious Log:
 CPUs: 12 total, 12 available
 Memory: 16321M
 Large Page Support: Disabled
 NUMA Support: Disabled
 Compressed Oops: Enabled (Zero based)
 Heap Region Size: 2M
 Heap Min Capacity: 8M
 Heap Initial Capacity: 256M
 Heap Max Capacity: 4082M
 Pre-touch: Disabled
 Parallel Workers: 10
 Concurrent Workers: 3
 Concurrent Refinement Workers: 10
 Periodic GC: Disabled

Heap:
 garbage-first heap   total 262144K, used 34971K [0x0000000700e00000, 0x0000000800000000)
  region size 2048K, 17 young (34816K), 5 survivors (10240K)
 Metaspace       used 12292K, committed 12544K, reserved 1064960K
  class space    used 1101K, committed 1216K, reserved 1048576K

Heap Regions: E=young(eden), S=young(survivor), O=old, HS=humongous(starts), HC=humongous(continues), CS=collection set, F=free, OA=open archive, CA=closed archive, TAMS=top-at-mark-start (previous, next)
|   0|0x0000000700e00000, 0x0000000701000000, 0x0000000701000000|100%| O|  |TAMS 0x0000000700e00000, 0x0000000700e00000| Untracked 
|   1|0x0000000701000000, 0x0000000701185600, 0x0000000701200000| 76%| O|  |TAMS 0x0000000701000000, 0x0000000701000000| Untracked 
|   2|0x0000000701200000, 0x0000000701200000, 0x0000000701400000|  0%| F|  |TAMS 0x0000000701200000, 0x0000000701200000| Untracked 
|   3|0x0000000701400000, 0x0000000701400000, 0x0000000701600000|  0%| F|  |TAMS 0x0000000701400000, 0x0000000701400000| Untracked 
|   4|0x0000000701600000, 0x0000000701600000, 0x0000000701800000|  0%| F|  |TAMS 0x0000000701600000, 0x0000000701600000| Untracked 
|   5|0x0000000701800000, 0x0000000701800000, 0x0000000701a00000|  0%| F|  |TAMS 0x0000000701800000, 0x0000000701800000| Untracked 
|   6|0x0000000701a00000, 0x0000000701a00000, 0x0000000701c00000|  0%| F|  |TAMS 0x0000000701a00000, 0x0000000701a00000| Untracked 
|   7|0x0000000701c00000, 0x0000000701c00000, 0x0000000701e00000|  0%| F|  |TAMS 0x0000000701c00000, 0x0000000701c00000| Untracked 
|   8|0x0000000701e00000, 0x0000000701e00000, 0x0000000702000000|  0%| F|  |TAMS 0x0000000701e00000, 0x0000000701e00000| Untracked 
|   9|0x0000000702000000, 0x0000000702000000, 0x0000000702200000|  0%| F|  |TAMS 0x0000000702000000, 0x0000000702000000| Untracked 
|  10|0x0000000702200000, 0x0000000702200000, 0x0000000702400000|  0%| F|  |TAMS 0x0000000702200000, 0x0000000702200000| Untracked 
|  11|0x0000000702400000, 0x0000000702400000, 0x0000000702600000|  0%| F|  |TAMS 0x0000000702400000, 0x0000000702400000| Untracked 
|  12|0x0000000702600000, 0x0000000702600000, 0x0000000702800000|  0%| F|  |TAMS 0x0000000702600000, 0x0000000702600000| Untracked 
|  13|0x0000000702800000, 0x0000000702800000, 0x0000000702a00000|  0%| F|  |TAMS 0x0000000702800000, 0x0000000702800000| Untracked 
|  14|0x0000000702a00000, 0x0000000702a00000, 0x0000000702c00000|  0%| F|  |TAMS 0x0000000702a00000, 0x0000000702a00000| Untracked 
|  15|0x0000000702c00000, 0x0000000702c00000, 0x0000000702e00000|  0%| F|  |TAMS 0x0000000702c00000, 0x0000000702c00000| Untracked 
|  16|0x0000000702e00000, 0x0000000702e00000, 0x0000000703000000|  0%| F|  |TAMS 0x0000000702e00000, 0x0000000702e00000| Untracked 
|  17|0x0000000703000000, 0x0000000703000000, 0x0000000703200000|  0%| F|  |TAMS 0x0000000703000000, 0x0000000703000000| Untracked 
|  18|0x0000000703200000, 0x0000000703200000, 0x0000000703400000|  0%| F|  |TAMS 0x0000000703200000, 0x0000000703200000| Untracked 
|  19|0x0000000703400000, 0x0000000703400000, 0x0000000703600000|  0%| F|  |TAMS 0x0000000703400000, 0x0000000703400000| Untracked 
|  20|0x0000000703600000, 0x0000000703600000, 0x0000000703800000|  0%| F|  |TAMS 0x0000000703600000, 0x0000000703600000| Untracked 
|  21|0x0000000703800000, 0x0000000703800000, 0x0000000703a00000|  0%| F|  |TAMS 0x0000000703800000, 0x0000000703800000| Untracked 
|  22|0x0000000703a00000, 0x0000000703a00000, 0x0000000703c00000|  0%| F|  |TAMS 0x0000000703a00000, 0x0000000703a00000| Untracked 
|  23|0x0000000703c00000, 0x0000000703c00000, 0x0000000703e00000|  0%| F|  |TAMS 0x0000000703c00000, 0x0000000703c00000| Untracked 
|  24|0x0000000703e00000, 0x0000000703e00000, 0x0000000704000000|  0%| F|  |TAMS 0x0000000703e00000, 0x0000000703e00000| Untracked 
|  25|0x0000000704000000, 0x0000000704000000, 0x0000000704200000|  0%| F|  |TAMS 0x0000000704000000, 0x0000000704000000| Untracked 
|  26|0x0000000704200000, 0x0000000704200000, 0x0000000704400000|  0%| F|  |TAMS 0x0000000704200000, 0x0000000704200000| Untracked 
|  27|0x0000000704400000, 0x0000000704400000, 0x0000000704600000|  0%| F|  |TAMS 0x0000000704400000, 0x0000000704400000| Untracked 
|  28|0x0000000704600000, 0x0000000704600000, 0x0000000704800000|  0%| F|  |TAMS 0x0000000704600000, 0x0000000704600000| Untracked 
|  29|0x0000000704800000, 0x0000000704800000, 0x0000000704a00000|  0%| F|  |TAMS 0x0000000704800000, 0x0000000704800000| Untracked 
|  30|0x0000000704a00000, 0x0000000704a00000, 0x0000000704c00000|  0%| F|  |TAMS 0x0000000704a00000, 0x0000000704a00000| Untracked 
|  31|0x0000000704c00000, 0x0000000704c00000, 0x0000000704e00000|  0%| F|  |TAMS 0x0000000704c00000, 0x0000000704c00000| Untracked 
|  32|0x0000000704e00000, 0x0000000704e00000, 0x0000000705000000|  0%| F|  |TAMS 0x0000000704e00000, 0x0000000704e00000| Untracked 
|  33|0x0000000705000000, 0x0000000705000000, 0x0000000705200000|  0%| F|  |TAMS 0x0000000705000000, 0x0000000705000000| Untracked 
|  34|0x0000000705200000, 0x0000000705200000, 0x0000000705400000|  0%| F|  |TAMS 0x0000000705200000, 0x0000000705200000| Untracked 
|  35|0x0000000705400000, 0x0000000705400000, 0x0000000705600000|  0%| F|  |TAMS 0x0000000705400000, 0x0000000705400000| Untracked 
|  36|0x0000000705600000, 0x0000000705600000, 0x0000000705800000|  0%| F|  |TAMS 0x0000000705600000, 0x0000000705600000| Untracked 
|  37|0x0000000705800000, 0x0000000705800000, 0x0000000705a00000|  0%| F|  |TAMS 0x0000000705800000, 0x0000000705800000| Untracked 
|  38|0x0000000705a00000, 0x0000000705a00000, 0x0000000705c00000|  0%| F|  |TAMS 0x0000000705a00000, 0x0000000705a00000| Untracked 
|  39|0x0000000705c00000, 0x0000000705c00000, 0x0000000705e00000|  0%| F|  |TAMS 0x0000000705c00000, 0x0000000705c00000| Untracked 
|  40|0x0000000705e00000, 0x0000000705e00000, 0x0000000706000000|  0%| F|  |TAMS 0x0000000705e00000, 0x0000000705e00000| Untracked 
|  41|0x0000000706000000, 0x0000000706000000, 0x0000000706200000|  0%| F|  |TAMS 0x0000000706000000, 0x0000000706000000| Untracked 
|  42|0x0000000706200000, 0x0000000706200000, 0x0000000706400000|  0%| F|  |TAMS 0x0000000706200000, 0x0000000706200000| Untracked 
|  43|0x0000000706400000, 0x0000000706400000, 0x0000000706600000|  0%| F|  |TAMS 0x0000000706400000, 0x0000000706400000| Untracked 
|  44|0x0000000706600000, 0x0000000706600000, 0x0000000706800000|  0%| F|  |TAMS 0x0000000706600000, 0x0000000706600000| Untracked 
|  45|0x0000000706800000, 0x0000000706800000, 0x0000000706a00000|  0%| F|  |TAMS 0x0000000706800000, 0x0000000706800000| Untracked 
|  46|0x0000000706a00000, 0x0000000706a00000, 0x0000000706c00000|  0%| F|  |TAMS 0x0000000706a00000, 0x0000000706a00000| Untracked 
|  47|0x0000000706c00000, 0x0000000706c00000, 0x0000000706e00000|  0%| F|  |TAMS 0x0000000706c00000, 0x0000000706c00000| Untracked 
|  48|0x0000000706e00000, 0x0000000706e00000, 0x0000000707000000|  0%| F|  |TAMS 0x0000000706e00000, 0x0000000706e00000| Untracked 
|  49|0x0000000707000000, 0x0000000707000000, 0x0000000707200000|  0%| F|  |TAMS 0x0000000707000000, 0x0000000707000000| Untracked 
|  50|0x0000000707200000, 0x0000000707200000, 0x0000000707400000|  0%| F|  |TAMS 0x0000000707200000, 0x0000000707200000| Untracked 
|  51|0x0000000707400000, 0x00000007074a17c0, 0x0000000707600000| 31%| S|CS|TAMS 0x0000000707400000, 0x0000000707400000| Complete 
|  52|0x0000000707600000, 0x0000000707800000, 0x0000000707800000|100%| S|CS|TAMS 0x0000000707600000, 0x0000000707600000| Complete 
|  53|0x0000000707800000, 0x0000000707a00000, 0x0000000707a00000|100%| S|CS|TAMS 0x0000000707800000, 0x0000000707800000| Complete 
|  54|0x0000000707a00000, 0x0000000707c00000, 0x0000000707c00000|100%| S|CS|TAMS 0x0000000707a00000, 0x0000000707a00000| Complete 
|  55|0x0000000707c00000, 0x0000000707e00000, 0x0000000707e00000|100%| S|CS|TAMS 0x0000000707c00000, 0x0000000707c00000| Complete 
|  56|0x0000000707e00000, 0x0000000707e00000, 0x0000000708000000|  0%| F|  |TAMS 0x0000000707e00000, 0x0000000707e00000| Untracked 
|  57|0x0000000708000000, 0x0000000708000000, 0x0000000708200000|  0%| F|  |TAMS 0x0000000708000000, 0x0000000708000000| Untracked 
|  58|0x0000000708200000, 0x0000000708200000, 0x0000000708400000|  0%| F|  |TAMS 0x0000000708200000, 0x0000000708200000| Untracked 
|  59|0x0000000708400000, 0x0000000708400000, 0x0000000708600000|  0%| F|  |TAMS 0x0000000708400000, 0x0000000708400000| Untracked 
|  60|0x0000000708600000, 0x0000000708600000, 0x0000000708800000|  0%| F|  |TAMS 0x0000000708600000, 0x0000000708600000| Untracked 
|  61|0x0000000708800000, 0x0000000708800000, 0x0000000708a00000|  0%| F|  |TAMS 0x0000000708800000, 0x0000000708800000| Untracked 
|  62|0x0000000708a00000, 0x0000000708a00000, 0x0000000708c00000|  0%| F|  |TAMS 0x0000000708a00000, 0x0000000708a00000| Untracked 
|  63|0x0000000708c00000, 0x0000000708c00000, 0x0000000708e00000|  0%| F|  |TAMS 0x0000000708c00000, 0x0000000708c00000| Untracked 
|  64|0x0000000708e00000, 0x0000000708e00000, 0x0000000709000000|  0%| F|  |TAMS 0x0000000708e00000, 0x0000000708e00000| Untracked 
|  65|0x0000000709000000, 0x0000000709000000, 0x0000000709200000|  0%| F|  |TAMS 0x0000000709000000, 0x0000000709000000| Untracked 
|  66|0x0000000709200000, 0x0000000709200000, 0x0000000709400000|  0%| F|  |TAMS 0x0000000709200000, 0x0000000709200000| Untracked 
|  67|0x0000000709400000, 0x0000000709400000, 0x0000000709600000|  0%| F|  |TAMS 0x0000000709400000, 0x0000000709400000| Untracked 
|  68|0x0000000709600000, 0x0000000709600000, 0x0000000709800000|  0%| F|  |TAMS 0x0000000709600000, 0x0000000709600000| Untracked 
|  69|0x0000000709800000, 0x0000000709800000, 0x0000000709a00000|  0%| F|  |TAMS 0x0000000709800000, 0x0000000709800000| Untracked 
|  70|0x0000000709a00000, 0x0000000709a00000, 0x0000000709c00000|  0%| F|  |TAMS 0x0000000709a00000, 0x0000000709a00000| Untracked 
|  71|0x0000000709c00000, 0x0000000709c00000, 0x0000000709e00000|  0%| F|  |TAMS 0x0000000709c00000, 0x0000000709c00000| Untracked 
|  72|0x0000000709e00000, 0x0000000709e00000, 0x000000070a000000|  0%| F|  |TAMS 0x0000000709e00000, 0x0000000709e00000| Untracked 
|  73|0x000000070a000000, 0x000000070a000000, 0x000000070a200000|  0%| F|  |TAMS 0x000000070a000000, 0x000000070a000000| Untracked 
|  74|0x000000070a200000, 0x000000070a200000, 0x000000070a400000|  0%| F|  |TAMS 0x000000070a200000, 0x000000070a200000| Untracked 
|  75|0x000000070a400000, 0x000000070a400000, 0x000000070a600000|  0%| F|  |TAMS 0x000000070a400000, 0x000000070a400000| Untracked 
|  76|0x000000070a600000, 0x000000070a600000, 0x000000070a800000|  0%| F|  |TAMS 0x000000070a600000, 0x000000070a600000| Untracked 
|  77|0x000000070a800000, 0x000000070a800000, 0x000000070aa00000|  0%| F|  |TAMS 0x000000070a800000, 0x000000070a800000| Untracked 
|  78|0x000000070aa00000, 0x000000070aa00000, 0x000000070ac00000|  0%| F|  |TAMS 0x000000070aa00000, 0x000000070aa00000| Untracked 
|  79|0x000000070ac00000, 0x000000070ac00000, 0x000000070ae00000|  0%| F|  |TAMS 0x000000070ac00000, 0x000000070ac00000| Untracked 
|  80|0x000000070ae00000, 0x000000070ae00000, 0x000000070b000000|  0%| F|  |TAMS 0x000000070ae00000, 0x000000070ae00000| Untracked 
|  81|0x000000070b000000, 0x000000070b000000, 0x000000070b200000|  0%| F|  |TAMS 0x000000070b000000, 0x000000070b000000| Untracked 
|  82|0x000000070b200000, 0x000000070b200000, 0x000000070b400000|  0%| F|  |TAMS 0x000000070b200000, 0x000000070b200000| Untracked 
|  83|0x000000070b400000, 0x000000070b400000, 0x000000070b600000|  0%| F|  |TAMS 0x000000070b400000, 0x000000070b400000| Untracked 
|  84|0x000000070b600000, 0x000000070b600000, 0x000000070b800000|  0%| F|  |TAMS 0x000000070b600000, 0x000000070b600000| Untracked 
|  85|0x000000070b800000, 0x000000070b800000, 0x000000070ba00000|  0%| F|  |TAMS 0x000000070b800000, 0x000000070b800000| Untracked 
|  86|0x000000070ba00000, 0x000000070ba00000, 0x000000070bc00000|  0%| F|  |TAMS 0x000000070ba00000, 0x000000070ba00000| Untracked 
|  87|0x000000070bc00000, 0x000000070bc00000, 0x000000070be00000|  0%| F|  |TAMS 0x000000070bc00000, 0x000000070bc00000| Untracked 
|  88|0x000000070be00000, 0x000000070be00000, 0x000000070c000000|  0%| F|  |TAMS 0x000000070be00000, 0x000000070be00000| Untracked 
|  89|0x000000070c000000, 0x000000070c000000, 0x000000070c200000|  0%| F|  |TAMS 0x000000070c000000, 0x000000070c000000| Untracked 
|  90|0x000000070c200000, 0x000000070c200000, 0x000000070c400000|  0%| F|  |TAMS 0x000000070c200000, 0x000000070c200000| Untracked 
|  91|0x000000070c400000, 0x000000070c400000, 0x000000070c600000|  0%| F|  |TAMS 0x000000070c400000, 0x000000070c400000| Untracked 
|  92|0x000000070c600000, 0x000000070c600000, 0x000000070c800000|  0%| F|  |TAMS 0x000000070c600000, 0x000000070c600000| Untracked 
|  93|0x000000070c800000, 0x000000070c800000, 0x000000070ca00000|  0%| F|  |TAMS 0x000000070c800000, 0x000000070c800000| Untracked 
|  94|0x000000070ca00000, 0x000000070ca00000, 0x000000070cc00000|  0%| F|  |TAMS 0x000000070ca00000, 0x000000070ca00000| Untracked 
|  95|0x000000070cc00000, 0x000000070cc00000, 0x000000070ce00000|  0%| F|  |TAMS 0x000000070cc00000, 0x000000070cc00000| Untracked 
|  96|0x000000070ce00000, 0x000000070ce00000, 0x000000070d000000|  0%| F|  |TAMS 0x000000070ce00000, 0x000000070ce00000| Untracked 
|  97|0x000000070d000000, 0x000000070d000000, 0x000000070d200000|  0%| F|  |TAMS 0x000000070d000000, 0x000000070d000000| Untracked 
|  98|0x000000070d200000, 0x000000070d200000, 0x000000070d400000|  0%| F|  |TAMS 0x000000070d200000, 0x000000070d200000| Untracked 
|  99|0x000000070d400000, 0x000000070d400000, 0x000000070d600000|  0%| F|  |TAMS 0x000000070d400000, 0x000000070d400000| Untracked 
| 100|0x000000070d600000, 0x000000070d600000, 0x000000070d800000|  0%| F|  |TAMS 0x000000070d600000, 0x000000070d600000| Untracked 
| 101|0x000000070d800000, 0x000000070d800000, 0x000000070da00000|  0%| F|  |TAMS 0x000000070d800000, 0x000000070d800000| Untracked 
| 102|0x000000070da00000, 0x000000070da00000, 0x000000070dc00000|  0%| F|  |TAMS 0x000000070da00000, 0x000000070da00000| Untracked 
| 103|0x000000070dc00000, 0x000000070dc00000, 0x000000070de00000|  0%| F|  |TAMS 0x000000070dc00000, 0x000000070dc00000| Untracked 
| 104|0x000000070de00000, 0x000000070de00000, 0x000000070e000000|  0%| F|  |TAMS 0x000000070de00000, 0x000000070de00000| Untracked 
| 105|0x000000070e000000, 0x000000070e000000, 0x000000070e200000|  0%| F|  |TAMS 0x000000070e000000, 0x000000070e000000| Untracked 
| 106|0x000000070e200000, 0x000000070e200000, 0x000000070e400000|  0%| F|  |TAMS 0x000000070e200000, 0x000000070e200000| Untracked 
| 107|0x000000070e400000, 0x000000070e400000, 0x000000070e600000|  0%| F|  |TAMS 0x000000070e400000, 0x000000070e400000| Untracked 
| 108|0x000000070e600000, 0x000000070e600000, 0x000000070e800000|  0%| F|  |TAMS 0x000000070e600000, 0x000000070e600000| Untracked 
| 109|0x000000070e800000, 0x000000070e800000, 0x000000070ea00000|  0%| F|  |TAMS 0x000000070e800000, 0x000000070e800000| Untracked 
| 110|0x000000070ea00000, 0x000000070ea00000, 0x000000070ec00000|  0%| F|  |TAMS 0x000000070ea00000, 0x000000070ea00000| Untracked 
| 111|0x000000070ec00000, 0x000000070ec00000, 0x000000070ee00000|  0%| F|  |TAMS 0x000000070ec00000, 0x000000070ec00000| Untracked 
| 112|0x000000070ee00000, 0x000000070ee00000, 0x000000070f000000|  0%| F|  |TAMS 0x000000070ee00000, 0x000000070ee00000| Untracked 
| 113|0x000000070f000000, 0x000000070f000000, 0x000000070f200000|  0%| F|  |TAMS 0x000000070f000000, 0x000000070f000000| Untracked 
| 114|0x000000070f200000, 0x000000070f200000, 0x000000070f400000|  0%| F|  |TAMS 0x000000070f200000, 0x000000070f200000| Untracked 
| 115|0x000000070f400000, 0x000000070f400000, 0x000000070f600000|  0%| F|  |TAMS 0x000000070f400000, 0x000000070f400000| Untracked 
| 116|0x000000070f600000, 0x000000070f800000, 0x000000070f800000|100%| E|  |TAMS 0x000000070f600000, 0x000000070f600000| Complete 
| 117|0x000000070f800000, 0x000000070fa00000, 0x000000070fa00000|100%| E|CS|TAMS 0x000000070f800000, 0x000000070f800000| Complete 
| 118|0x000000070fa00000, 0x000000070fc00000, 0x000000070fc00000|100%| E|CS|TAMS 0x000000070fa00000, 0x000000070fa00000| Complete 
| 119|0x000000070fc00000, 0x000000070fe00000, 0x000000070fe00000|100%| E|CS|TAMS 0x000000070fc00000, 0x000000070fc00000| Complete 
| 120|0x000000070fe00000, 0x0000000710000000, 0x0000000710000000|100%| E|CS|TAMS 0x000000070fe00000, 0x000000070fe00000| Complete 
| 121|0x0000000710000000, 0x0000000710200000, 0x0000000710200000|100%| E|CS|TAMS 0x0000000710000000, 0x0000000710000000| Complete 
| 122|0x0000000710200000, 0x0000000710400000, 0x0000000710400000|100%| E|CS|TAMS 0x0000000710200000, 0x0000000710200000| Complete 
| 123|0x0000000710400000, 0x0000000710600000, 0x0000000710600000|100%| E|CS|TAMS 0x0000000710400000, 0x0000000710400000| Complete 
| 124|0x0000000710600000, 0x0000000710800000, 0x0000000710800000|100%| E|CS|TAMS 0x0000000710600000, 0x0000000710600000| Complete 
| 125|0x0000000710800000, 0x0000000710a00000, 0x0000000710a00000|100%| E|CS|TAMS 0x0000000710800000, 0x0000000710800000| Complete 
| 126|0x0000000710a00000, 0x0000000710c00000, 0x0000000710c00000|100%| E|CS|TAMS 0x0000000710a00000, 0x0000000710a00000| Complete 
| 127|0x0000000710c00000, 0x0000000710e00000, 0x0000000710e00000|100%| E|CS|TAMS 0x0000000710c00000, 0x0000000710c00000| Complete 

Card table byte_map: [0x0000022bd5760000,0x0000022bd5f60000] _byte_map_base: 0x0000022bd1f59000

Marking Bits (Prev, Next): (CMBitMap*) 0x0000022bbe215ee0, (CMBitMap*) 0x0000022bbe215f20
 Prev Bits: [0x0000022bd6760000, 0x0000022bda728000)
 Next Bits: [0x0000022bda730000, 0x0000022bde6f8000)

Polling page: 0x0000022bbc120000

Metaspace:

Usage:
  Non-class:     10.93 MB used.
      Class:      1.08 MB used.
       Both:     12.00 MB used.

Virtual space:
  Non-class space:       16.00 MB reserved,      11.06 MB ( 69%) committed,  2 nodes.
      Class space:        1.00 GB reserved,       1.19 MB ( <1%) committed,  1 nodes.
             Both:        1.02 GB reserved,      12.25 MB (  1%) committed. 

Chunk freelists:
   Non-Class:  669.00 KB
       Class:  2.79 MB
        Both:  3.44 MB

MaxMetaspaceSize: unlimited
CompressedClassSpaceSize: 1.00 GB
Initial GC threshold: 21.00 MB
Current GC threshold: 21.00 MB
CDS: on
MetaspaceReclaimPolicy: balanced
 - commit_granule_bytes: 65536.
 - commit_granule_words: 8192.
 - virtual_space_node_default_size: 1048576.
 - enlarge_chunks_in_place: 1.
 - new_chunks_are_fully_committed: 0.
 - uncommit_free_chunks: 1.
 - use_allocation_guard: 0.
 - handle_deallocations: 1.


Internal statistics:

num_allocs_failed_limit: 0.
num_arena_births: 228.
num_arena_deaths: 0.
num_vsnodes_births: 3.
num_vsnodes_deaths: 0.
num_space_committed: 194.
num_space_uncommitted: 0.
num_chunks_returned_to_freelist: 0.
num_chunks_taken_from_freelist: 594.
num_chunk_merges: 0.
num_chunk_splits: 408.
num_chunks_enlarged: 304.
num_purges: 0.
num_inconsistent_stats: 0.

CodeHeap 'non-profiled nmethods': size=120000Kb used=2926Kb max_used=3141Kb free=117073Kb
 bounds [0x0000022bcd4d0000, 0x0000022bcd7f0000, 0x0000022bd4a00000]
CodeHeap 'profiled nmethods': size=120000Kb used=4901Kb max_used=7070Kb free=115098Kb
 bounds [0x0000022bc5fa0000, 0x0000022bc6690000, 0x0000022bcd4d0000]
CodeHeap 'non-nmethods': size=5760Kb used=1665Kb max_used=1719Kb free=4094Kb
 bounds [0x0000022bc5a00000, 0x0000022bc5c70000, 0x0000022bc5fa0000]
 total_blobs=4058 nmethods=2953 adapters=1017
 compilation: enabled
              stopped_count=0, restarted_count=0
 full_count=0

Compilation events (20 events):
Event: 130.448 Thread 0x0000022be1c8ac90 3680       1       com.badlogic.gdx.scenes.scene2d.InputEvent::setKeyCode (6 bytes)
Event: 130.448 Thread 0x0000022be1c8ac90 nmethod 3680 0x0000022bcd5cfb10 code [0x0000022bcd5cfca0, 0x0000022bcd5cfd78]
Event: 133.332 Thread 0x0000022be1c7cf60 3681       4       com.badlogic.gdx.scenes.scene2d.Event::reset (41 bytes)
Event: 133.332 Thread 0x0000022be1c7cf60 nmethod 3681 0x0000022bcd5cf790 code [0x0000022bcd5cf900, 0x0000022bcd5cfa98]
Event: 134.982 Thread 0x0000022be1c7cf60 3682       4       com.badlogic.gdx.utils.IntArray::add (48 bytes)
Event: 134.983 Thread 0x0000022be1c7cf60 nmethod 3682 0x0000022bcd5cf110 code [0x0000022bcd5cf2c0, 0x0000022bcd5cf428]
Event: 135.632 Thread 0x0000022be1c8ac90 3683       1       com.deco2800.game.rendering.AnimationRenderComponent::getCurrentAnimation (5 bytes)
Event: 135.632 Thread 0x0000022be1c8ac90 nmethod 3683 0x0000022bcd784210 code [0x0000022bcd7843a0, 0x0000022bcd784478]
Event: 135.782 Thread 0x0000022be1c8ac90 3684       3       com.deco2800.game.entities.UGS::checkEntityPlacement (122 bytes)
Event: 135.782 Thread 0x0000022be1c7cf60 3685       4       java.util.ArrayList::contains (14 bytes)
Event: 135.782 Thread 0x0000022be1c8ac90 nmethod 3684 0x0000022bc60ae510 code [0x0000022bc60ae800, 0x0000022bc60af628]
Event: 135.785 Thread 0x0000022be1c7cf60 nmethod 3685 0x0000022bcd783b10 code [0x0000022bcd783ca0, 0x0000022bcd783fd8]
Event: 135.785 Thread 0x0000022be1c7cf60 3686       4       java.util.ArrayList::indexOfRange (71 bytes)
Event: 135.788 Thread 0x0000022be1c7cf60 nmethod 3686 0x0000022bcd783410 code [0x0000022bcd7835a0, 0x0000022bcd7838b8]
Event: 135.802 Thread 0x0000022be1c7cf60 3687       4       java.lang.Throwable::getStackTrace (11 bytes)
Event: 135.803 Thread 0x0000022be1c7cf60 nmethod 3687 0x0000022bcd54ec90 code [0x0000022bcd54ee20, 0x0000022bcd54f268]
Event: 135.803 Thread 0x0000022be1c7cf60 3688  s    4       java.lang.Throwable::getOurStackTrace (55 bytes)
Event: 135.805 Thread 0x0000022be1c7cf60 nmethod 3688 0x0000022bcd54e690 code [0x0000022bcd54e820, 0x0000022bcd54eb88]
Event: 135.811 Thread 0x0000022be1c7cf60 3689       4       com.deco2800.game.components.tasks.MovementTask::validateTile (129 bytes)
Event: 135.818 Thread 0x0000022be1c7cf60 nmethod 3689 0x0000022bcd54d590 code [0x0000022bcd54d760, 0x0000022bcd54df28]

GC Heap History (10 events):
Event: 1.139 GC heap before
{Heap before GC invocations=0 (full 0):
 garbage-first heap   total 262144K, used 22528K [0x0000000700e00000, 0x0000000800000000)
  region size 2048K, 11 young (22528K), 0 survivors (0K)
 Metaspace       used 6790K, committed 6976K, reserved 1064960K
  class space    used 543K, committed 640K, reserved 1048576K
}
Event: 1.142 GC heap after
{Heap after GC invocations=1 (full 0):
 garbage-first heap   total 262144K, used 3754K [0x0000000700e00000, 0x0000000800000000)
  region size 2048K, 2 young (4096K), 2 survivors (4096K)
 Metaspace       used 6790K, committed 6976K, reserved 1064960K
  class space    used 543K, committed 640K, reserved 1048576K
}
Event: 3.218 GC heap before
{Heap before GC invocations=1 (full 0):
 garbage-first heap   total 262144K, used 30378K [0x0000000700e00000, 0x0000000800000000)
  region size 2048K, 16 young (32768K), 2 survivors (4096K)
 Metaspace       used 8963K, committed 9152K, reserved 1064960K
  class space    used 741K, committed 832K, reserved 1048576K
}
Event: 3.221 GC heap after
{Heap after GC invocations=2 (full 0):
 garbage-first heap   total 262144K, used 5173K [0x0000000700e00000, 0x0000000800000000)
  region size 2048K, 1 young (2048K), 1 survivors (2048K)
 Metaspace       used 8963K, committed 9152K, reserved 1064960K
  class space    used 741K, committed 832K, reserved 1048576K
}
Event: 16.023 GC heap before
{Heap before GC invocations=2 (full 0):
 garbage-first heap   total 262144K, used 152629K [0x0000000700e00000, 0x0000000800000000)
  region size 2048K, 72 young (147456K), 1 survivors (2048K)
 Metaspace       used 11966K, committed 12160K, reserved 1064960K
  class space    used 1085K, committed 1152K, reserved 1048576K
}
Event: 16.028 GC heap after
{Heap after GC invocations=3 (full 0):
 garbage-first heap   total 262144K, used 11907K [0x0000000700e00000, 0x0000000800000000)
  region size 2048K, 5 young (10240K), 5 survivors (10240K)
 Metaspace       used 11966K, committed 12160K, reserved 1064960K
  class space    used 1085K, committed 1152K, reserved 1048576K
}
Event: 42.183 GC heap before
{Heap before GC invocations=3 (full 0):
 garbage-first heap   total 262144K, used 155267K [0x0000000700e00000, 0x0000000800000000)
  region size 2048K, 76 young (155648K), 5 survivors (10240K)
 Metaspace       used 12246K, committed 12480K, reserved 1064960K
  class space    used 1099K, committed 1216K, reserved 1048576K
}
Event: 42.185 GC heap after
{Heap after GC invocations=4 (full 0):
 garbage-first heap   total 262144K, used 12426K [0x0000000700e00000, 0x0000000800000000)
  region size 2048K, 5 young (10240K), 5 survivors (10240K)
 Metaspace       used 12246K, committed 12480K, reserved 1064960K
  class space    used 1099K, committed 1216K, reserved 1048576K
}
Event: 136.023 GC heap before
{Heap before GC invocations=4 (full 0):
 garbage-first heap   total 262144K, used 157834K [0x0000000700e00000, 0x0000000800000000)
  region size 2048K, 76 young (155648K), 5 survivors (10240K)
 Metaspace       used 12292K, committed 12544K, reserved 1064960K
  class space    used 1101K, committed 1216K, reserved 1048576K
}
Event: 136.025 GC heap after
{Heap after GC invocations=5 (full 0):
 garbage-first heap   total 262144K, used 12443K [0x0000000700e00000, 0x0000000800000000)
  region size 2048K, 5 young (10240K), 5 survivors (10240K)
 Metaspace       used 12292K, committed 12544K, reserved 1064960K
  class space    used 1101K, committed 1216K, reserved 1048576K
}

Deoptimization events (20 events):
Event: 106.830 Thread 0x0000022bbe1c4960 Uncommon trap: trap_request=0xffffff45 fr.pc=0x0000022bcd643128 relative=0x0000000000000e28
Event: 106.830 Thread 0x0000022bbe1c4960 Uncommon trap: reason=unstable_if action=reinterpret pc=0x0000022bcd643128 method=com.deco2800.game.rendering.DayNightCycleComponent.shouldFade()Z @ 78 c2
Event: 106.830 Thread 0x0000022bbe1c4960 DEOPT PACKING pc=0x0000022bcd643128 sp=0x000000c98aeff070
Event: 106.830 Thread 0x0000022bbe1c4960 DEOPT UNPACKING pc=0x0000022bc5a523a3 sp=0x000000c98aefef88 mode 2
Event: 106.830 Thread 0x0000022bbe1c4960 Uncommon trap: trap_request=0xffffff45 fr.pc=0x0000022bcd6814c8 relative=0x00000000000005a8
Event: 106.830 Thread 0x0000022bbe1c4960 Uncommon trap: reason=unstable_if action=reinterpret pc=0x0000022bcd6814c8 method=com.deco2800.game.rendering.DayNightCycleComponent.shouldFade()Z @ 62 c2
Event: 106.830 Thread 0x0000022bbe1c4960 DEOPT PACKING pc=0x0000022bcd6814c8 sp=0x000000c98aefefd0
Event: 106.831 Thread 0x0000022bbe1c4960 DEOPT UNPACKING pc=0x0000022bc5a523a3 sp=0x000000c98aefef30 mode 2
Event: 106.831 Thread 0x0000022bbe1c4960 Uncommon trap: trap_request=0xffffff45 fr.pc=0x0000022bcd76ee08 relative=0x0000000000000388
Event: 106.831 Thread 0x0000022bbe1c4960 Uncommon trap: reason=unstable_if action=reinterpret pc=0x0000022bcd76ee08 method=com.deco2800.game.rendering.DayNightCycleComponent.shouldFade()Z @ 62 c2
Event: 106.831 Thread 0x0000022bbe1c4960 DEOPT PACKING pc=0x0000022bcd76ee08 sp=0x000000c98aefefb0
Event: 106.831 Thread 0x0000022bbe1c4960 DEOPT UNPACKING pc=0x0000022bc5a523a3 sp=0x000000c98aefef70 mode 2
Event: 122.848 Thread 0x0000022bbe1c4960 Uncommon trap: trap_request=0xffffff45 fr.pc=0x0000022bcd5c3f4c relative=0x00000000000006ac
Event: 122.848 Thread 0x0000022bbe1c4960 Uncommon trap: reason=unstable_if action=reinterpret pc=0x0000022bcd5c3f4c method=com.badlogic.gdx.utils.IntArray.addAll([III)V @ 19 c2
Event: 122.848 Thread 0x0000022bbe1c4960 DEOPT PACKING pc=0x0000022bcd5c3f4c sp=0x000000c98aeff240
Event: 122.848 Thread 0x0000022bbe1c4960 DEOPT UNPACKING pc=0x0000022bc5a523a3 sp=0x000000c98aeff0f8 mode 2
Event: 135.782 Thread 0x0000022bbe1c4960 Uncommon trap: trap_request=0xffffff45 fr.pc=0x0000022bcd7d2b08 relative=0x00000000000000e8
Event: 135.782 Thread 0x0000022bbe1c4960 Uncommon trap: reason=unstable_if action=reinterpret pc=0x0000022bcd7d2b08 method=com.badlogic.gdx.math.Vector2.equals(Ljava/lang/Object;)Z @ 45 c2
Event: 135.782 Thread 0x0000022bbe1c4960 DEOPT PACKING pc=0x0000022bcd7d2b08 sp=0x000000c98aefee40
Event: 135.782 Thread 0x0000022bbe1c4960 DEOPT UNPACKING pc=0x0000022bc5a523a3 sp=0x000000c98aefede0 mode 2

Classes unloaded (0 events):
No events

Classes redefined (0 events):
No events

Internal exceptions (20 events):
Event: 1.110 Thread 0x0000022bbe1c4960 Exception <a 'java/lang/NoSuchMethodError'{0x000000070fb9d768}: 'void java.lang.invoke.DirectMethodHandle$Holder.invokeSpecial(java.lang.Object, java.lang.Object, java.lang.Object, int)'> (0x000000070fb9d768) 
thrown [t:\workspace\open\src\hotspot\share\interpreter\linkResolver.cpp, line 766]
Event: 1.111 Thread 0x0000022bbe1c4960 Exception <a 'java/lang/NoSuchMethodError'{0x000000070fba68e8}: 'void java.lang.invoke.DirectMethodHandle$Holder.invokeVirtual(java.lang.Object, java.lang.Object, long)'> (0x000000070fba68e8) 
thrown [t:\workspace\open\src\hotspot\share\interpreter\linkResolver.cpp, line 766]
Event: 1.111 Thread 0x0000022bbe1c4960 Exception <a 'java/lang/NoSuchMethodError'{0x000000070fbaccd0}: 'void java.lang.invoke.DirectMethodHandle$Holder.invokeVirtual(java.lang.Object, java.lang.Object, int)'> (0x000000070fbaccd0) 
thrown [t:\workspace\open\src\hotspot\share\interpreter\linkResolver.cpp, line 766]
Event: 1.120 Thread 0x0000022bbe1c4960 Exception <a 'java/lang/NoSuchMethodError'{0x000000070f84c380}: 'void java.lang.invoke.DirectMethodHandle$Holder.invokeVirtual(java.lang.Object, java.lang.Object)'> (0x000000070f84c380) 
thrown [t:\workspace\open\src\hotspot\share\interpreter\linkResolver.cpp, line 766]
Event: 11.928 Thread 0x0000022bbe1c4960 Implicit null exception at 0x0000022bcd5b53f9 to 0x0000022bcd5b5850
Event: 11.929 Thread 0x0000022bbe1c4960 Implicit null exception at 0x0000022bcd591532 to 0x0000022bcd59173c
Event: 11.938 Thread 0x0000022bbe1c4960 Implicit null exception at 0x0000022bcd5fd7ff to 0x0000022bcd5fda48
Event: 13.384 Thread 0x0000022bbe1c4960 Exception <a 'java/lang/NoSuchMethodError'{0x00000007104ff090}: 'void java.lang.invoke.DirectMethodHandle$Holder.invokeStatic(java.lang.Object, java.lang.Object, java.lang.Object)'> (0x00000007104ff090) 
thrown [t:\workspace\open\src\hotspot\share\interpreter\linkResolver.cpp, line 766]
Event: 13.678 Thread 0x0000022bbe1c4960 Exception <a 'java/lang/NoSuchMethodError'{0x000000070fc5d060}: 'java.lang.Object java.lang.invoke.DirectMethodHandle$Holder.invokeStaticInit(java.lang.Object, int, int, int, int)'> (0x000000070fc5d060) 
thrown [t:\workspace\open\src\hotspot\share\interpreter\linkResolver.cpp, line 766]
Event: 13.725 Thread 0x0000022bbe1c4960 Exception <a 'java/lang/NoSuchMethodError'{0x000000070fca0260}: 'java.lang.Object java.lang.invoke.DirectMethodHandle$Holder.invokeStaticInit(java.lang.Object, java.lang.Object, int, int, int, int)'> (0x000000070fca0260) 
thrown [t:\workspace\open\src\hotspot\share\interpreter\linkResolver.cpp, line 766]
Event: 13.885 Thread 0x0000022bbe1c4960 Exception <a 'java/lang/NoSuchMethodError'{0x000000070cc53dd8}: 'void java.lang.invoke.DirectMethodHandle$Holder.invokeSpecial(java.lang.Object, java.lang.Object, int)'> (0x000000070cc53dd8) 
thrown [t:\workspace\open\src\hotspot\share\interpreter\linkResolver.cpp, line 766]
Event: 13.886 Thread 0x0000022bbe1c4960 Exception <a 'java/lang/NoSuchMethodError'{0x000000070cc67bc0}: 'void java.lang.invoke.DirectMethodHandle$Holder.invokeVirtual(java.lang.Object, java.lang.Object, int, int)'> (0x000000070cc67bc0) 
thrown [t:\workspace\open\src\hotspot\share\interpreter\linkResolver.cpp, line 766]
Event: 13.898 Thread 0x0000022bbe1c4960 Implicit null exception at 0x0000022bcd631d64 to 0x0000022bcd632334
Event: 13.898 Thread 0x0000022bbe1c4960 Implicit null exception at 0x0000022bcd62ea4e to 0x0000022bcd62eed4
Event: 13.963 Thread 0x0000022bbe1c4960 Exception <a 'java/lang/NoSuchMethodError'{0x000000070c6303f8}: 'java.lang.Object java.lang.invoke.DirectMethodHandle$Holder.invokeSpecial(java.lang.Object, java.lang.Object, java.lang.Object, java.lang.Object, int)'> (0x000000070c6303f8) 
thrown [t:\workspace\open\src\hotspot\share\interpreter\linkResolver.cpp, line 766]
Event: 13.963 Thread 0x0000022bbe1c4960 Exception <a 'java/lang/NoSuchMethodError'{0x000000070c633fc0}: 'java.lang.Object java.lang.invoke.Invokers$Holder.linkToTargetMethod(java.lang.Object, java.lang.Object, int, java.lang.Object)'> (0x000000070c633fc0) 
thrown [t:\workspace\open\src\hotspot\share\interpreter\linkResolver.cpp, line 766]
Event: 15.693 Thread 0x0000022bbe1c4960 Exception <a 'java/lang/NoSuchMethodError'{0x000000070bde7fc0}: 'void java.lang.invoke.DirectMethodHandle$Holder.invokeStatic(java.lang.Object, java.lang.Object, java.lang.Object, java.lang.Object)'> (0x000000070bde7fc0) 
thrown [t:\workspace\open\src\hotspot\share\interpreter\linkResolver.cpp, line 766]
Event: 15.779 Thread 0x0000022bbe1c4960 Exception <a 'java/lang/NoSuchMethodError'{0x000000070ba996c8}: 'java.lang.Object java.lang.invoke.DirectMethodHandle$Holder.invokeSpecial(java.lang.Object, java.lang.Object, java.lang.Object, int, java.lang.Object)'> (0x000000070ba996c8) 
thrown [t:\workspace\open\src\hotspot\share\interpreter\linkResolver.cpp, line 766]
Event: 16.060 Thread 0x0000022bbe1c4960 Exception <a 'java/lang/NoSuchMethodError'{0x0000000710797db8}: 'int java.lang.invoke.DirectMethodHandle$Holder.invokeInterface(java.lang.Object, java.lang.Object)'> (0x0000000710797db8) 
thrown [t:\workspace\open\src\hotspot\share\interpreter\linkResolver.cpp, line 766]
Event: 30.729 Thread 0x0000022bbe1c4960 Exception <a 'java/lang/NoSuchMethodError'{0x00000007103a88e8}: 'void java.lang.invoke.DirectMethodHandle$Holder.invokeSpecial(java.lang.Object, java.lang.Object, int, java.lang.Object)'> (0x00000007103a88e8) 
thrown [t:\workspace\open\src\hotspot\share\interpreter\linkResolver.cpp, line 766]

VM Operations (20 events):
Event: 91.212 Executing VM operation: Cleanup
Event: 91.212 Executing VM operation: Cleanup done
Event: 107.218 Executing VM operation: Cleanup
Event: 107.218 Executing VM operation: Cleanup done
Event: 112.219 Executing VM operation: Cleanup
Event: 112.219 Executing VM operation: Cleanup done
Event: 114.220 Executing VM operation: Cleanup
Event: 114.220 Executing VM operation: Cleanup done
Event: 119.222 Executing VM operation: Cleanup
Event: 119.223 Executing VM operation: Cleanup done
Event: 121.224 Executing VM operation: Cleanup
Event: 121.224 Executing VM operation: Cleanup done
Event: 126.227 Executing VM operation: Cleanup
Event: 126.227 Executing VM operation: Cleanup done
Event: 128.228 Executing VM operation: Cleanup
Event: 128.228 Executing VM operation: Cleanup done
Event: 131.228 Executing VM operation: Cleanup
Event: 131.228 Executing VM operation: Cleanup done
Event: 136.023 Executing VM operation: G1CollectForAllocation
Event: 136.025 Executing VM operation: G1CollectForAllocation done

Events (20 events):
Event: 38.531 Thread 0x0000022be1cab5a0 flushing nmethod 0x0000022bc65b6890
Event: 38.531 Thread 0x0000022be1cab5a0 flushing nmethod 0x0000022bc65b7990
Event: 38.531 Thread 0x0000022be1cab5a0 flushing nmethod 0x0000022bc65bcc90
Event: 38.531 Thread 0x0000022be1cab5a0 flushing nmethod 0x0000022bc65ca790
Event: 38.531 Thread 0x0000022be1cab5a0 flushing nmethod 0x0000022bc65cca10
Event: 38.531 Thread 0x0000022be1cab5a0 flushing nmethod 0x0000022bc65d6790
Event: 38.531 Thread 0x0000022be1cab5a0 flushing nmethod 0x0000022bc65ee210
Event: 38.531 Thread 0x0000022be1cab5a0 flushing nmethod 0x0000022bc65f8290
Event: 38.531 Thread 0x0000022be1cab5a0 flushing nmethod 0x0000022bc65ff210
Event: 38.531 Thread 0x0000022be1cab5a0 flushing nmethod 0x0000022bc6627f10
Event: 38.531 Thread 0x0000022be1cab5a0 flushing nmethod 0x0000022bc6649210
Event: 38.531 Thread 0x0000022be1cab5a0 flushing nmethod 0x0000022bc6649990
Event: 38.531 Thread 0x0000022be1cab5a0 flushing nmethod 0x0000022bc664a490
Event: 38.531 Thread 0x0000022be1cab5a0 flushing nmethod 0x0000022bc664c490
Event: 38.531 Thread 0x0000022be1cab5a0 flushing nmethod 0x0000022bc665b510
Event: 38.531 Thread 0x0000022be1cab5a0 flushing nmethod 0x0000022bc665e710
Event: 41.795 Thread 0x0000022be1ecf330 Thread added: 0x0000022be1ecf330
Event: 42.179 Thread 0x0000022be1ecf330 Thread exited: 0x0000022be1ecf330
Event: 135.782 Thread 0x0000022becc1a170 Thread added: 0x0000022becc1a170
Event: 135.978 Thread 0x0000022becc1c7f0 Thread added: 0x0000022becc1c7f0


Dynamic libraries:
0x00007ff7354c0000 - 0x00007ff7354ce000 	C:\Users\12136\Desktop\UQ\S4\DECO2800\openjdk-17.0.2_windows-x64_bin\jdk-17.0.2\bin\java.exe
0x00007ffff69a0000 - 0x00007ffff6ba9000 	C:\WINDOWS\SYSTEM32\ntdll.dll
0x00007ffff53d0000 - 0x00007ffff548d000 	C:\WINDOWS\System32\KERNEL32.DLL
0x00007ffff41d0000 - 0x00007ffff454c000 	C:\WINDOWS\System32\KERNELBASE.dll
0x00007ffff40b0000 - 0x00007ffff41c1000 	C:\WINDOWS\System32\ucrtbase.dll
0x00007fffcf290000 - 0x00007fffcf2a8000 	C:\Users\12136\Desktop\UQ\S4\DECO2800\openjdk-17.0.2_windows-x64_bin\jdk-17.0.2\bin\jli.dll
0x00007fffcf220000 - 0x00007fffcf23a000 	C:\Users\12136\Desktop\UQ\S4\DECO2800\openjdk-17.0.2_windows-x64_bin\jdk-17.0.2\bin\VCRUNTIME140.dll
0x00007ffff6190000 - 0x00007ffff633d000 	C:\WINDOWS\System32\USER32.dll
0x00007ffff4800000 - 0x00007ffff4826000 	C:\WINDOWS\System32\win32u.dll
0x00007fffe1a20000 - 0x00007fffe1cc5000 	C:\WINDOWS\WinSxS\amd64_microsoft.windows.common-controls_6595b64144ccf1df_6.0.22000.120_none_9d947278b86cc467\COMCTL32.dll
0x00007ffff60e0000 - 0x00007ffff6183000 	C:\WINDOWS\System32\msvcrt.dll
0x00007ffff66c0000 - 0x00007ffff66e9000 	C:\WINDOWS\System32\GDI32.dll
0x00007ffff46e0000 - 0x00007ffff47f9000 	C:\WINDOWS\System32\gdi32full.dll
0x00007ffff45d0000 - 0x00007ffff466d000 	C:\WINDOWS\System32\msvcp_win.dll
0x00007ffff4c20000 - 0x00007ffff4c51000 	C:\WINDOWS\System32\IMM32.DLL
0x00007fffdc3b0000 - 0x00007fffdc3bc000 	C:\Users\12136\Desktop\UQ\S4\DECO2800\openjdk-17.0.2_windows-x64_bin\jdk-17.0.2\bin\vcruntime140_1.dll
0x00007fffbfc60000 - 0x00007fffbfced000 	C:\Users\12136\Desktop\UQ\S4\DECO2800\openjdk-17.0.2_windows-x64_bin\jdk-17.0.2\bin\msvcp140.dll
0x00007fff7a930000 - 0x00007fff7b4f1000 	C:\Users\12136\Desktop\UQ\S4\DECO2800\openjdk-17.0.2_windows-x64_bin\jdk-17.0.2\bin\server\jvm.dll
0x00007ffff6810000 - 0x00007ffff68be000 	C:\WINDOWS\System32\ADVAPI32.dll
0x00007ffff6340000 - 0x00007ffff63de000 	C:\WINDOWS\System32\sechost.dll
0x00007ffff6530000 - 0x00007ffff6650000 	C:\WINDOWS\System32\RPCRT4.dll
0x00007ffff4f50000 - 0x00007ffff4f58000 	C:\WINDOWS\System32\PSAPI.DLL
0x00007fffef400000 - 0x00007fffef433000 	C:\WINDOWS\SYSTEM32\WINMM.dll
0x00007fffe23e0000 - 0x00007fffe23e9000 	C:\WINDOWS\SYSTEM32\WSOCK32.dll
0x00007fffed990000 - 0x00007fffed99a000 	C:\WINDOWS\SYSTEM32\VERSION.dll
0x00007ffff5710000 - 0x00007ffff577f000 	C:\WINDOWS\System32\WS2_32.dll
0x00007ffff3060000 - 0x00007ffff3078000 	C:\WINDOWS\SYSTEM32\kernel.appcore.dll
0x00007fffdc040000 - 0x00007fffdc04a000 	C:\Users\12136\Desktop\UQ\S4\DECO2800\openjdk-17.0.2_windows-x64_bin\jdk-17.0.2\bin\jimage.dll
0x00007fffea8c0000 - 0x00007fffeaae1000 	C:\WINDOWS\SYSTEM32\DBGHELP.DLL
0x00007fffe9fe0000 - 0x00007fffea011000 	C:\WINDOWS\SYSTEM32\dbgcore.DLL
0x00007ffff4550000 - 0x00007ffff45cf000 	C:\WINDOWS\System32\bcryptPrimitives.dll
0x00007fffcf1f0000 - 0x00007fffcf215000 	C:\Users\12136\Desktop\UQ\S4\DECO2800\openjdk-17.0.2_windows-x64_bin\jdk-17.0.2\bin\java.dll
0x00007fffbf910000 - 0x00007fffbf9e6000 	C:\Users\12136\Desktop\UQ\S4\DECO2800\openjdk-17.0.2_windows-x64_bin\jdk-17.0.2\bin\jsvml.dll
0x00007ffff58a0000 - 0x00007ffff6058000 	C:\WINDOWS\System32\SHELL32.dll
0x00007ffff1fe0000 - 0x00007ffff2848000 	C:\WINDOWS\SYSTEM32\windows.storage.dll
0x00007ffff48a0000 - 0x00007ffff4c19000 	C:\WINDOWS\System32\combase.dll
0x00007ffff1e70000 - 0x00007ffff1fd6000 	C:\WINDOWS\SYSTEM32\wintypes.dll
0x00007ffff57b0000 - 0x00007ffff589a000 	C:\WINDOWS\System32\SHCORE.dll
0x00007ffff4c60000 - 0x00007ffff4cbd000 	C:\WINDOWS\System32\shlwapi.dll
0x00007ffff3db0000 - 0x00007ffff3dd1000 	C:\WINDOWS\SYSTEM32\profapi.dll
0x00007fffcd010000 - 0x00007fffcd029000 	C:\Users\12136\Desktop\UQ\S4\DECO2800\openjdk-17.0.2_windows-x64_bin\jdk-17.0.2\bin\net.dll
0x00007fffef2f0000 - 0x00007fffef3fc000 	C:\WINDOWS\SYSTEM32\WINHTTP.dll
0x00007ffff3490000 - 0x00007ffff34f7000 	C:\WINDOWS\system32\mswsock.dll
0x00007fffccaf0000 - 0x00007fffccb06000 	C:\Users\12136\Desktop\UQ\S4\DECO2800\openjdk-17.0.2_windows-x64_bin\jdk-17.0.2\bin\nio.dll
0x00007fffccad0000 - 0x00007fffccae8000 	C:\Users\12136\Desktop\UQ\S4\DECO2800\openjdk-17.0.2_windows-x64_bin\jdk-17.0.2\bin\zip.dll
0x00007fffd6ee0000 - 0x00007fffd6ef0000 	C:\Users\12136\Desktop\UQ\S4\DECO2800\openjdk-17.0.2_windows-x64_bin\jdk-17.0.2\bin\verify.dll
0x00000000724b0000 - 0x00000000724d9000 	C:\Users\12136\AppData\Local\Temp\libgdx12136\e787ab0a\gdx64.dll
0x00007fffbc280000 - 0x00007fffbc2f5000 	C:\Users\12136\AppData\Local\Temp\lwjgl12136\3.3.1-build-7\lwjgl.dll
0x00007fff7b960000 - 0x00007fff7bbb9000 	C:\Users\12136\AppData\Local\Temp\lwjgl12136\3.3.1-build-7\jemalloc.dll
0x00007fffa9500000 - 0x00007fffa9561000 	C:\Users\12136\AppData\Local\Temp\lwjgl12136\3.3.1-build-7\glfw.dll
0x00007fffa5a00000 - 0x00007fffa5a45000 	C:\WINDOWS\SYSTEM32\dinput8.dll
0x00007fffbf880000 - 0x00007fffbf891000 	C:\WINDOWS\SYSTEM32\xinput1_4.dll
0x00007ffff3b50000 - 0x00007ffff3b9c000 	C:\WINDOWS\SYSTEM32\cfgmgr32.dll
0x00007ffff3ba0000 - 0x00007ffff3bcc000 	C:\WINDOWS\SYSTEM32\DEVOBJ.dll
0x00007ffff1a80000 - 0x00007ffff1aaf000 	C:\WINDOWS\SYSTEM32\dwmapi.dll
0x00007fffd0a60000 - 0x00007fffd0c29000 	C:\WINDOWS\SYSTEM32\inputhost.dll
0x00007ffff0fd0000 - 0x00007ffff1102000 	C:\WINDOWS\SYSTEM32\CoreMessaging.dll
0x00007ffff1580000 - 0x00007ffff162c000 	C:\WINDOWS\system32\uxtheme.dll
0x00007fffc96d0000 - 0x00007fffc9801000 	C:\ProgramData\A-Volute\A-Volute.SonicStudio3\Modules\ScheduledModules\x64\AudioDevProps2.dll
0x00007ffff5490000 - 0x00007ffff562a000 	C:\WINDOWS\System32\ole32.dll
0x00007ffff36f0000 - 0x00007ffff36fc000 	C:\WINDOWS\SYSTEM32\CRYPTBASE.DLL
0x00007ffff66f0000 - 0x00007ffff680e000 	C:\WINDOWS\System32\MSCTF.dll
0x00007fff7ee00000 - 0x00007fff7ef97000 	C:\Users\12136\AppData\Local\Temp\lwjgl12136\3.3.1-build-7\OpenAL.dll
0x00007ffff4e80000 - 0x00007ffff4f2f000 	C:\WINDOWS\System32\clbcatq.dll
0x00007fffea020000 - 0x00007fffea0bc000 	C:\WINDOWS\System32\MMDevApi.dll
0x00007fffe0a60000 - 0x00007fffe0c33000 	C:\WINDOWS\SYSTEM32\AudioSes.dll
0x00007fffdf340000 - 0x00007fffdf360000 	C:\ProgramData\A-Volute\A-Volute.SonicStudio3\Modules\ScheduledModules\x64\ProductInfo.dll
0x00007ffff04a0000 - 0x00007ffff0597000 	C:\WINDOWS\SYSTEM32\PropSys.dll
0x00007ffff1850000 - 0x00007ffff1865000 	C:\WINDOWS\SYSTEM32\resourcepolicyclient.dll
0x00007ffff2d60000 - 0x00007ffff2dad000 	C:\WINDOWS\SYSTEM32\powrprof.dll
0x00007ffff2c80000 - 0x00007ffff2c93000 	C:\WINDOWS\SYSTEM32\UMPDC.dll
0x00007fffcccb0000 - 0x00007fffccdb1000 	C:\WINDOWS\SYSTEM32\opengl32.dll
0x00007fffd5de0000 - 0x00007fffd5e0d000 	C:\WINDOWS\SYSTEM32\GLU32.dll
0x00007ffff16c0000 - 0x00007ffff16f8000 	C:\WINDOWS\SYSTEM32\dxcore.dll
0x00007fffed0e0000 - 0x00007fffed214000 	C:\Windows\System32\AppXDeploymentClient.dll
0x00007fffece80000 - 0x00007fffed06f000 	C:\WINDOWS\SYSTEM32\urlmon.dll
0x00007fffecbc0000 - 0x00007fffece73000 	C:\Windows\System32\iertutil.dll
0x00007fffed380000 - 0x00007fffed3a8000 	C:\Windows\System32\srvcli.dll
0x00007ffff2b00000 - 0x00007ffff2b0c000 	C:\Windows\System32\netutils.dll
0x00007fff868f0000 - 0x00007fff89918000 	C:\WINDOWS\System32\DriverStore\FileRepository\nvaki.inf_amd64_7463377871fa5c12\nvoglv64.dll
0x00007ffff4f60000 - 0x00007ffff53cc000 	C:\WINDOWS\System32\SETUPAPI.dll
0x00007ffff5630000 - 0x00007ffff5706000 	C:\WINDOWS\System32\OLEAUT32.dll
0x00007ffff0600000 - 0x00007ffff0614000 	C:\WINDOWS\SYSTEM32\WTSAPI32.dll
0x00007ffff3730000 - 0x00007ffff3742000 	C:\WINDOWS\SYSTEM32\msasn1.dll
0x00007fffed8b0000 - 0x00007fffed8e1000 	C:\WINDOWS\SYSTEM32\cryptnet.dll
0x00007ffff3f40000 - 0x00007ffff40a2000 	C:\WINDOWS\System32\CRYPT32.dll
0x00007fffebc90000 - 0x00007fffebdd9000 	C:\WINDOWS\SYSTEM32\drvstore.dll
0x00007ffff37a0000 - 0x00007ffff37e1000 	C:\WINDOWS\SYSTEM32\wldp.dll
0x00007ffff4670000 - 0x00007ffff46d8000 	C:\WINDOWS\System32\WINTRUST.dll
0x00007ffff1800000 - 0x00007ffff1834000 	C:\WINDOWS\SYSTEM32\ntmarta.dll
0x00007fffd03e0000 - 0x00007fffd0697000 	C:\WINDOWS\system32\nvspcap64.dll
0x00007ffff2a90000 - 0x00007ffff2af3000 	C:\WINDOWS\SYSTEM32\WINSTA.dll
0x00007fffa24e0000 - 0x00007fffa253d000 	C:\Users\12136\AppData\Local\Temp\lwjgl12136\3.3.1-build-7\lwjgl_opengl.dll
0x00007fffe2020000 - 0x00007fffe214d000 	C:\WINDOWS\SYSTEM32\textinputframework.dll
0x00007fffeec50000 - 0x00007fffeefbd000 	C:\WINDOWS\SYSTEM32\CoreUIComponents.dll
0x0000000072450000 - 0x00000000724aa000 	C:\Users\12136\AppData\Local\Temp\libgdx12136\888fe1bc\gdx-box2d64.dll
0x00007ffff36d0000 - 0x00007ffff36e8000 	C:\WINDOWS\SYSTEM32\CRYPTSP.dll
0x00007ffff2fc0000 - 0x00007ffff2ff5000 	C:\WINDOWS\system32\rsaenh.dll
0x00007ffff3580000 - 0x00007ffff35a9000 	C:\WINDOWS\SYSTEM32\USERENV.dll
0x00007ffff3860000 - 0x00007ffff3887000 	C:\WINDOWS\SYSTEM32\bcrypt.dll
0x00007ffff2b10000 - 0x00007ffff2b3d000 	C:\WINDOWS\SYSTEM32\IPHLPAPI.DLL
0x00007ffff6650000 - 0x00007ffff6659000 	C:\WINDOWS\System32\NSI.dll
0x00007fffef4a0000 - 0x00007fffef4b9000 	C:\WINDOWS\SYSTEM32\dhcpcsvc6.DLL
0x00007fffef7e0000 - 0x00007fffef7fe000 	C:\WINDOWS\SYSTEM32\dhcpcsvc.DLL
0x00007ffff2b40000 - 0x00007ffff2c28000 	C:\WINDOWS\SYSTEM32\DNSAPI.dll

dbghelp: loaded successfully - version: 4.0.5 - missing functions: none
symbol engine: initialized successfully - sym options: 0x614 - pdb path: .;C:\Users\12136\Desktop\UQ\S4\DECO2800\openjdk-17.0.2_windows-x64_bin\jdk-17.0.2\bin;C:\WINDOWS\SYSTEM32;C:\WINDOWS\WinSxS\amd64_microsoft.windows.common-controls_6595b64144ccf1df_6.0.22000.120_none_9d947278b86cc467;C:\Users\12136\Desktop\UQ\S4\DECO2800\openjdk-17.0.2_windows-x64_bin\jdk-17.0.2\bin\server;C:\Users\12136\AppData\Local\Temp\libgdx12136\e787ab0a;C:\Users\12136\AppData\Local\Temp\lwjgl12136\3.3.1-build-7;C:\ProgramData\A-Volute\A-Volute.SonicStudio3\Modules\ScheduledModules\x64;C:\WINDOWS\System32\DriverStore\FileRepository\nvaki.inf_amd64_7463377871fa5c12;C:\Users\12136\AppData\Local\Temp\libgdx12136\888fe1bc

VM Arguments:
jvm_args: -Dfile.encoding=GBK -Duser.country=CN -Duser.language=zh -Duser.variant 
java_command: com.deco2800.game.desktop.DesktopLauncher
java_class_path (initial): C:\Users\12136\Desktop\UQ\S4\DECO2800\2022-studio-1\source\desktop\build\classes\java\main;C:\Users\12136\Desktop\UQ\S4\DECO2800\2022-studio-1\source\desktop\build\resources\main;C:\Users\12136\.gradle\caches\modules-2\files-2.1\com.badlogicgames.gdx\gdx-backend-lwjgl3\1.11.0\58a96db4cd349be4292d547856aa1e1c5f065f4e\gdx-backend-lwjgl3-1.11.0.jar;C:\Users\12136\.gradle\caches\modules-2\files-2.1\com.badlogicgames.gdx\gdx-platform\1.11.0\697fb13eada6d3c6ca648c9788692b0159add126\gdx-platform-1.11.0-natives-desktop.jar;C:\Users\12136\.gradle\caches\modules-2\files-2.1\com.badlogicgames.gdx\gdx-box2d-platform\1.11.0\62ff9baa1e57a11e0a4428a38c9660bf9f312fdc\gdx-box2d-platform-1.11.0-natives-desktop.jar;C:\Users\12136\.gradle\caches\modules-2\files-2.1\com.badlogicgames.gdx\gdx-tools\1.11.0\a5d30eafd0f2fbab314efdf6d98ebc27388b7c0a\gdx-tools-1.11.0.jar;C:\Users\12136\.gradle\caches\modules-2\files-2.1\com.badlogicgames.gdx-controllers\gdx-controllers-desktop\2.2.2\625b3bdbe803e9c4af181b4791202cfcf776d805\gdx-controllers-desktop-2.2.2.jar;C:\Users\12136\Desktop\UQ\S4\DECO2800\2022-studio-1\source\core\build\libs\core-1.0.jar;C:\Users\12136\.gradle\caches\modules-2\files-2.1\com.google.code.gson\gson\2.9.0\8a1167e089096758b49f9b34066ef98b2f4b37aa\gson-2.9.0.jar;C:\Users\12136\.gradle\caches\modules-2\files-2.1\com.badlogicgames.gdx\gdx-backend-lwjgl\1.11.0\33555a2cf8b4d9db4122b2fe42e7674b343d8b4\gdx-backend-lwjgl-1.11.0.jar;C:\Users\12136\.gradle\caches\modules-2\files-2.1\com.badlogicgames.gdx\gdx-freetype\1.11.0\a3634ad2e6c56d251268d6ab5c0f66eee2841f2c\gdx-freetype-1.11.0.jar;C:\Users\12136\.gradle\caches\modules-2\files-2.1\com.badlogicgames.gdx\gdx-backend-headless\1.11.0\3c3d0c951db72891d894df1725d09179fd0bca00\gdx-backend-headless-1.11.0.jar;C:\Users\12136\.gradle\caches\modules-2\files-2.1\com.badlogicgames.gdx-controllers\gdx-controllers-core\2.2.2\25473efe9273912a03a4871a9e1469b41d86face\gdx-controllers-core-2.2.2.jar;C:\Users\12136\.grad
Launcher Type: SUN_STANDARD

[Global flags]
     intx CICompilerCount                          = 4                                         {product} {ergonomic}
     uint ConcGCThreads                            = 3                                         {product} {ergonomic}
     uint G1ConcRefinementThreads                  = 10                                        {product} {ergonomic}
   size_t G1HeapRegionSize                         = 2097152                                   {product} {ergonomic}
    uintx GCDrainStackTargetSize                   = 64                                        {product} {ergonomic}
   size_t InitialHeapSize                          = 268435456                                 {product} {ergonomic}
   size_t MarkStackSize                            = 4194304                                   {product} {ergonomic}
   size_t MaxHeapSize                              = 4280287232                                {product} {ergonomic}
   size_t MaxNewSize                               = 2566914048                                {product} {ergonomic}
   size_t MinHeapDeltaBytes                        = 2097152                                   {product} {ergonomic}
   size_t MinHeapSize                              = 8388608                                   {product} {ergonomic}
    uintx NonNMethodCodeHeapSize                   = 5839372                                {pd product} {ergonomic}
    uintx NonProfiledCodeHeapSize                  = 122909434                              {pd product} {ergonomic}
    uintx ProfiledCodeHeapSize                     = 122909434                              {pd product} {ergonomic}
    uintx ReservedCodeCacheSize                    = 251658240                              {pd product} {ergonomic}
     bool SegmentedCodeCache                       = true                                      {product} {ergonomic}
   size_t SoftMaxHeapSize                          = 4280287232                             {manageable} {ergonomic}
     bool UseCompressedClassPointers               = true                           {product lp64_product} {ergonomic}
     bool UseCompressedOops                        = true                           {product lp64_product} {ergonomic}
     bool UseG1GC                                  = true                                      {product} {ergonomic}
     bool UseLargePagesIndividualAllocation        = false                                  {pd product} {ergonomic}

Logging:
Log output configuration:
 #0: stdout all=warning uptime,level,tags
 #1: stderr all=off uptime,level,tags

Environment Variables:
JAVA_HOME=C:\Users\12136\Desktop\UQ\S4\DECO2800\openjdk-17.0.2_windows-x64_bin\jdk-17.0.2
PATH=C:\Windows\system32;C:\Windows;C:\Windows\System32\Wbem;C:\Windows\System32\WindowsPowerShell\v1.0\;C:\Windows\System32\OpenSSH\;C:\Program Files (x86)\NVIDIA Corporation\PhysX\Common;C:\Program Files\NVIDIA Corporation\NVIDIA NvDLISR;C:\WINDOWS\system32;C:\WINDOWS;C:\WINDOWS\System32\Wbem;C:\WINDOWS\System32\WindowsPowerShell\v1.0\;C:\WINDOWS\System32\OpenSSH\;D:\PuTTY\;C:\Program Files\nodejs\;D:\Git\cmd;C:\Users\12136\AppData\Local\Microsoft\WindowsApps;;C:\Users\12136\AppData\Local\Programs\Microsoft VS Code\bin;C:\Users\12136\AppData\Roaming\npm
USERNAME=12136
OS=Windows_NT
PROCESSOR_IDENTIFIER=AMD64 Family 23 Model 113 Stepping 0, AuthenticAMD



---------------  S Y S T E M  ---------------

OS:
 Windows 11 , 64 bit Build 22000 (10.0.22000.708)
OS uptime: 2 days 21:29 hours

CPU: total 12 (initial active 12) (12 cores per cpu, 2 threads per core) family 23 model 113 stepping 0 microcode 0x0, cx8, cmov, fxsr, ht, mmx, 3dnowpref, sse, sse2, sse3, ssse3, sse4a, sse4.1, sse4.2, popcnt, lzcnt, tsc, tscinvbit, avx, avx2, aes, clmul, bmi1, bmi2, adx, sha, fma, vzeroupper, clflush, clflushopt

Memory: 4k page, system-wide physical 16321M (6650M free)
TotalPageFile size 33729M (AvailPageFile size 15519M)
current process WorkingSet (physical memory assigned to process): 316M, peak: 1796M
current process commit charge ("private bytes"): 2627M, peak: 2729M

vm_info: OpenJDK 64-Bit Server VM (17.0.2+8-86) for windows-amd64 JRE (17.0.2+8-86), built on Dec  7 2021 21:49:10 by "mach5one" with MS VC++ 16.8 / 16.9 (VS2019)

END.
