#
# A fatal error has been detected by the Java Runtime Environment:
#
#  EXCEPTION_ACCESS_VIOLATION (0xc0000005) at pc=0x000000007245ba43, pid=6300, tid=9724
#
# JRE version: OpenJDK Runtime Environment (17.0.2+8) (build 17.0.2+8-86)
# Java VM: OpenJDK 64-Bit Server VM (17.0.2+8-86, mixed mode, sharing, tiered, compressed oops, compressed class ptrs, g1 gc, windows-amd64)
# Problematic frame:
# C  [gdx-box2d64.dll+0xba43]
#
# No core dump will be written. Minidumps are not enabled by default on client versions of Windows
#
# If you would like to submit a bug report, please visit:
#   https://bugreport.java.com/bugreport/crash.jsp
# The crash happened outside the Java Virtual Machine in native code.
# See problematic frame for where to report the bug.
#

---------------  S U M M A R Y ------------

Command Line: -Dfile.encoding=GBK -Duser.country=CN -Duser.language=zh -Duser.variant com.deco2800.game.desktop.DesktopLauncher

Host: AMD Ryzen 5 3600X 6-Core Processor             , 12 cores, 15G,  Windows 11 , 64 bit Build 22000 (10.0.22000.708)
Time: Mon Oct 17 17:17:24 2022  Windows 11 , 64 bit Build 22000 (10.0.22000.708) elapsed time: 21.179373 seconds (0d 0h 0m 21s)

---------------  T H R E A D  ---------------

Current thread (0x0000016d83243e10):  JavaThread "main" [_thread_in_native, id=9724, stack(0x00000038c3600000,0x00000038c3700000)]

Stack: [0x00000038c3600000,0x00000038c3700000],  sp=0x00000038c36fe650,  free space=1017k
Native frames: (J=compiled Java code, j=interpreted, Vv=VM code, C=native code)
C  [gdx-box2d64.dll+0xba43]

Java frames: (J=compiled Java code, j=interpreted, Vv=VM code)
j  com.badlogic.gdx.physics.box2d.World.jniCreateBody(JIFFFFFFFFZZZZZF)J+0
j  com.badlogic.gdx.physics.box2d.World.createBody(Lcom/badlogic/gdx/physics/box2d/BodyDef;)Lcom/badlogic/gdx/physics/box2d/Body;+80
j  com.deco2800.game.physics.PhysicsEngine.createBody(Lcom/badlogic/gdx/physics/box2d/BodyDef;)Lcom/badlogic/gdx/physics/box2d/Body;+16
j  com.deco2800.game.physics.components.PhysicsComponent.<init>(Lcom/deco2800/game/physics/PhysicsEngine;)V+51
j  com.deco2800.game.physics.components.PhysicsComponent.<init>()V+7
j  com.deco2800.game.entities.factories.ProjectileFactory.makeProjectile(Lcom/badlogic/gdx/math/Vector2;Lcom/deco2800/game/entities/Entity;)Lcom/deco2800/game/entities/Entity;+43
j  com.deco2800.game.entities.factories.ProjectileFactory.createProjectile(Lcom/deco2800/game/entities/Entity;Lcom/deco2800/game/entities/Entity;)Lcom/deco2800/game/entities/Entity;+7
J 3394 c1 com.deco2800.game.components.tasks.ShootTask.update()V (70 bytes) @ 0x0000016d8b6b578c [0x0000016d8b6b5480+0x000000000000030c]
J 3122 c1 com.deco2800.game.ai.tasks.AITaskComponent.earlyUpdate()V (60 bytes) @ 0x0000016d8b623ebc [0x0000016d8b623260+0x0000000000000c5c]
J 3407 c2 com.deco2800.game.entities.EntityService.update()V (78 bytes) @ 0x0000016d9282ada0 [0x0000016d9282a8a0+0x0000000000000500]
J 3323 c1 com.deco2800.game.screens.MainGameScreen.render(F)V (91 bytes) @ 0x0000016d8b6775d4 [0x0000016d8b677440+0x0000000000000194]
J 3294 c1 com.badlogic.gdx.backends.lwjgl3.Lwjgl3Window.update()Z (217 bytes) @ 0x0000016d8b66d4fc [0x0000016d8b66c780+0x0000000000000d7c]
j  com.badlogic.gdx.backends.lwjgl3.Lwjgl3Application.loop()V+111
j  com.badlogic.gdx.backends.lwjgl3.Lwjgl3Application.<init>(Lcom/badlogic/gdx/ApplicationListener;Lcom/badlogic/gdx/backends/lwjgl3/Lwjgl3ApplicationConfiguration;)V+269
j  com.deco2800.game.desktop.DesktopLauncher.main([Ljava/lang/String;)V+20
v  ~StubRoutines::call_stub

siginfo: EXCEPTION_ACCESS_VIOLATION (0xc0000005), reading address 0x0000016fa9dac3d0


Register to memory mapping:

RIP=0x000000007245ba43 gdx-box2d64.dll
RAX=0x000000007249f060 gdx-box2d64.dll
RBX=0x0000016fa9dac3d0 is an unknown value
RCX=0x0000016dae9379b0 points into unknown readable memory: 0x0000016da9d283c0 | c0 83 d2 a9 6d 01 00 00
RDX=0x00000000000000b8 is an unknown value
RSP=0x00000038c36fe650 is pointing into the stack for thread: 0x0000016d83243e10
RBP=0x0000016dae9379e0 points into unknown readable memory: 0x0000000000000000 | 00 00 00 00 00 00 00 00
RSI=0x0000016dae9379b0 points into unknown readable memory: 0x0000016da9d283c0 | c0 83 d2 a9 6d 01 00 00
RDI=0x0000000000000148 is an unknown value
R8 =0x0000016dae9379b0 points into unknown readable memory: 0x0000016da9d283c0 | c0 83 d2 a9 6d 01 00 00
R9 =0x0000000000000002 is an unknown value
R10=0x0000000000000001 is an unknown value
R11=0x0000000000000001 is an unknown value
R12=0x0000000000000006 is an unknown value
R13={method} {0x0000016daedd5a70} 'jniCreateBody' '(JIFFFFFFFFZZZZZF)J' in 'com/badlogic/gdx/physics/box2d/World'
R14=0x00000038c36fe928 is pointing into the stack for thread: 0x0000016d83243e10
R15=0x0000016d83243e10 is a thread


Registers:
RAX=0x000000007249f060, RBX=0x0000016fa9dac3d0, RCX=0x0000016dae9379b0, RDX=0x00000000000000b8
RSP=0x00000038c36fe650, RBP=0x0000016dae9379e0, RSI=0x0000016dae9379b0, RDI=0x0000000000000148
R8 =0x0000016dae9379b0, R9 =0x0000000000000002, R10=0x0000000000000001, R11=0x0000000000000001
R12=0x0000000000000006, R13=0x0000016daedd5a68, R14=0x00000038c36fe928, R15=0x0000016d83243e10
RIP=0x000000007245ba43, EFLAGS=0x0000000000010202

Top of Stack: (sp=0x00000038c36fe650)
0x00000038c36fe650:   0000000000000020 0000016d83243e10
0x00000038c36fe660:   00000038c36fe780 00000038c36fe680
0x00000038c36fe670:   0000016daedd5a68 0000016d83243e10
0x00000038c36fe680:   00007fff7b230988 0000016dae9379b0
0x00000038c36fe690:   00000038c36fe730 0000000000000148
0x00000038c36fe6a0:   00000038c36fe880 0000000000000000
0x00000038c36fe6b0:   0000016daedd5a68 0000000072470e22
0x00000038c36fe6c0:   00000038c36fe898 00000038c36fe810
0x00000038c36fe6d0:   00000038c36fe770 00000038c36fe770
0x00000038c36fe6e0:   00007fff00000003 0000016daedd5a68
0x00000038c36fe6f0:   0000016d83243e10 0000000000000001
0x00000038c36fe700:   0000016daec672c8 00000000724766e6
0x00000038c36fe710:   0000016d83243e10 00000038c36fe928
0x00000038c36fe720:   00000038c36fe880 0000016d8aa88f0b
0x00000038c36fe730:   0000000000000002 0000000000000000
0x00000038c36fe740:   0000000000000000 40a0000000000000 

Instructions: (pc=0x000000007245ba43)
0x000000007245b943:   f6 48 8d 2d b5 16 03 00 48 8d 3d 0e 37 04 00 4c
0x000000007245b953:   8d 2d f7 31 03 00 4c 8d 25 55 32 03 00 eb 1a 83
0x000000007245b963:   fe 0d 7e 11 41 b8 49 00 00 00 4c 89 ea 4c 89 e1
0x000000007245b973:   e8 18 82 02 00 48 83 c3 01 48 63 c6 39 5c 85 00
0x000000007245b983:   7d 03 83 c6 01 48 81 fb 80 02 00 00 40 88 34 1f
0x000000007245b993:   75 cd c6 05 a4 36 04 00 01 48 83 c4 28 5b 5e 5f
0x000000007245b9a3:   5d 41 5c 41 5d c3 90 66 0f 1f 44 00 00 57 56 53
0x000000007245b9b3:   48 83 ec 20 8b 41 08 48 89 cf 85 c0 7e 1d 31 f6
0x000000007245b9c3:   31 db 48 8b 07 83 c3 01 48 8b 4c 30 08 48 83 c6
0x000000007245b9d3:   10 e8 a7 08 00 00 39 5f 08 7f e7 48 8b 0f 48 83
0x000000007245b9e3:   c4 20 5b 5e 5f e9 93 08 00 00 90 66 90 41 55 41
0x000000007245b9f3:   54 55 57 56 53 48 83 ec 38 48 63 da 48 89 ce 83
0x000000007245ba03:   fb 00 0f 84 95 01 00 00 0f 8e 6f 01 00 00 81 fb
0x000000007245ba13:   80 02 00 00 0f 8f 23 01 00 00 48 8d 05 3c 36 04
0x000000007245ba23:   00 44 0f b6 24 18 41 80 fc 0d 4c 89 e3 0f 87 da
0x000000007245ba33:   00 00 00 48 8d 2c de 48 8b 5d 10 48 85 db 74 1d
0x000000007245ba43:   48 8b 03 48 89 45 10 48 89 d8 48 83 c4 38 5b 5e
0x000000007245ba53:   5f 5d 41 5c 41 5d c3 66 0f 1f 44 00 00 48 63 46
0x000000007245ba63:   08 4c 8b 2e 3b 46 0c 0f 84 40 01 00 00 48 c1 e0
0x000000007245ba73:   04 b9 00 40 00 00 4d 63 e4 49 8d 7c 05 00 e8 ea
0x000000007245ba83:   07 00 00 48 89 c3 48 89 47 08 48 8d 05 6c 15 03
0x000000007245ba93:   00 46 8b 24 a0 b8 00 40 00 00 99 41 f7 fc 45 89
0x000000007245baa3:   e5 44 89 27 44 0f af e8 41 81 fd 00 40 00 00 0f
0x000000007245bab3:   8f 9b 00 00 00 83 f8 01 7e 23 49 63 d4 83 e8 01
0x000000007245bac3:   45 31 c0 49 89 d1 48 8d 0c 13 49 f7 d9 41 83 c0
0x000000007245bad3:   01 4a 89 0c 09 48 01 d1 41 39 c0 75 f0 45 29 e5
0x000000007245bae3:   4d 63 ed 4a c7 04 2b 00 00 00 00 48 8b 03 48 89
0x000000007245baf3:   45 10 83 46 08 01 48 89 d8 48 83 c4 38 5b 5e 5f
0x000000007245bb03:   5d 41 5c 41 5d c3 0f 1f 80 00 00 00 00 48 8d 15
0x000000007245bb13:   39 30 03 00 48 8d 0d b2 30 03 00 48 8d 2c de 41
0x000000007245bb23:   b8 70 00 00 00 e8 63 80 02 00 48 8b 5d 10 48 85
0x000000007245bb33:   db 0f 85 09 ff ff ff e9 21 ff ff ff 90 89 d9 48 


Stack slot to memory mapping:
stack at sp + 0 slots: 0x0000000000000020 is an unknown value
stack at sp + 1 slots: 0x0000016d83243e10 is a thread
stack at sp + 2 slots: 0x00000038c36fe780 is pointing into the stack for thread: 0x0000016d83243e10
stack at sp + 3 slots: 0x00000038c36fe680 is pointing into the stack for thread: 0x0000016d83243e10
stack at sp + 4 slots: {method} {0x0000016daedd5a70} 'jniCreateBody' '(JIFFFFFFFFZZZZZF)J' in 'com/badlogic/gdx/physics/box2d/World'
stack at sp + 5 slots: 0x0000016d83243e10 is a thread
stack at sp + 6 slots: 0x00007fff7b230988 jvm.dll
stack at sp + 7 slots: 0x0000016dae9379b0 points into unknown readable memory: 0x0000016da9d283c0 | c0 83 d2 a9 6d 01 00 00


---------------  P R O C E S S  ---------------

Threads class SMR info:
_java_thread_list=0x0000016da79b9280, length=21, elements={
0x0000016d83243e10, 0x0000016da63d61a0, 0x0000016da63d6d50, 0x0000016da63f7d30,
0x0000016da63f9600, 0x0000016da63fa5c0, 0x0000016da63faf70, 0x0000016da63fbd00,
0x0000016da63ffca0, 0x0000016da6408ab0, 0x0000016da7128b00, 0x0000016da712f280,
0x0000016da993ded0, 0x0000016da739cdb0, 0x0000016def852020, 0x0000016df09221c0,
0x0000016df0922690, 0x0000016df0920e80, 0x0000016df0923030, 0x0000016df0924370,
0x0000016def3d56c0
}

Java Threads: ( => current thread )
=>0x0000016d83243e10 JavaThread "main" [_thread_in_native, id=9724, stack(0x00000038c3600000,0x00000038c3700000)]
  0x0000016da63d61a0 JavaThread "Reference Handler" daemon [_thread_blocked, id=10968, stack(0x00000038c3d00000,0x00000038c3e00000)]
  0x0000016da63d6d50 JavaThread "Finalizer" daemon [_thread_blocked, id=15352, stack(0x00000038c3e00000,0x00000038c3f00000)]
  0x0000016da63f7d30 JavaThread "Signal Dispatcher" daemon [_thread_blocked, id=7004, stack(0x00000038c3f00000,0x00000038c4000000)]
  0x0000016da63f9600 JavaThread "Attach Listener" daemon [_thread_blocked, id=9440, stack(0x00000038c4000000,0x00000038c4100000)]
  0x0000016da63fa5c0 JavaThread "Service Thread" daemon [_thread_blocked, id=12068, stack(0x00000038c4100000,0x00000038c4200000)]
  0x0000016da63faf70 JavaThread "Monitor Deflation Thread" daemon [_thread_blocked, id=20360, stack(0x00000038c4200000,0x00000038c4300000)]
  0x0000016da63fbd00 JavaThread "C2 CompilerThread0" daemon [_thread_blocked, id=1756, stack(0x00000038c4300000,0x00000038c4400000)]
  0x0000016da63ffca0 JavaThread "C1 CompilerThread0" daemon [_thread_blocked, id=16996, stack(0x00000038c4400000,0x00000038c4500000)]
  0x0000016da6408ab0 JavaThread "Sweeper thread" daemon [_thread_blocked, id=1008, stack(0x00000038c4500000,0x00000038c4600000)]
  0x0000016da7128b00 JavaThread "Notification Thread" daemon [_thread_blocked, id=14848, stack(0x00000038c4600000,0x00000038c4700000)]
  0x0000016da712f280 JavaThread "Common-Cleaner" daemon [_thread_blocked, id=7344, stack(0x00000038c4800000,0x00000038c4900000)]
  0x0000016da993ded0 JavaThread "AssetManager" daemon [_thread_blocked, id=16284, stack(0x00000038c5c00000,0x00000038c5d00000)]
  0x0000016da739cdb0 JavaThread "Timer" daemon [_thread_blocked, id=20572, stack(0x00000038c5200000,0x00000038c5300000)]
  0x0000016def852020 JavaThread "LWJGL3 Timer" daemon [_thread_blocked, id=6460, stack(0x00000038c5d00000,0x00000038c5e00000)]
  0x0000016df09221c0 JavaThread "Timer-0" [_thread_blocked, id=3988, stack(0x00000038c6000000,0x00000038c6100000)]
  0x0000016df0922690 JavaThread "Timer-1" [_thread_blocked, id=10868, stack(0x00000038c6100000,0x00000038c6200000)]
  0x0000016df0920e80 JavaThread "ForkJoinPool-1-worker-1" daemon [_thread_blocked, id=5068, stack(0x00000038c5e00000,0x00000038c5f00000)]
  0x0000016df0923030 JavaThread "Timer-2" [_thread_blocked, id=11176, stack(0x00000038c5f00000,0x00000038c6000000)]
  0x0000016df0924370 JavaThread "Timer-3" [_thread_blocked, id=23220, stack(0x00000038c6300000,0x00000038c6400000)]
  0x0000016def3d56c0 JavaThread "C2 CompilerThread1" daemon [_thread_blocked, id=17976, stack(0x00000038c6200000,0x00000038c6300000)]

Other Threads:
  0x0000016da63d0700 VMThread "VM Thread" [stack: 0x00000038c3c00000,0x00000038c3d00000] [id=21900]
  0x0000016da712eff0 WatcherThread [stack: 0x00000038c4700000,0x00000038c4800000] [id=11672]
  0x0000016d83294810 GCTaskThread "GC Thread#0" [stack: 0x00000038c3700000,0x00000038c3800000] [id=20880]
  0x0000016da99afc40 GCTaskThread "GC Thread#1" [stack: 0x00000038c5300000,0x00000038c5400000] [id=11260]
  0x0000016da988ab50 GCTaskThread "GC Thread#2" [stack: 0x00000038c5400000,0x00000038c5500000] [id=15600]
  0x0000016da98703d0 GCTaskThread "GC Thread#3" [stack: 0x00000038c5500000,0x00000038c5600000] [id=14236]
  0x0000016da9870680 GCTaskThread "GC Thread#4" [stack: 0x00000038c5600000,0x00000038c5700000] [id=22768]
  0x0000016da9870930 GCTaskThread "GC Thread#5" [stack: 0x00000038c5700000,0x00000038c5800000] [id=22892]
  0x0000016da990e120 GCTaskThread "GC Thread#6" [stack: 0x00000038c5800000,0x00000038c5900000] [id=16624]
  0x0000016da990e3d0 GCTaskThread "GC Thread#7" [stack: 0x00000038c5900000,0x00000038c5a00000] [id=11100]
  0x0000016da990ea90 GCTaskThread "GC Thread#8" [stack: 0x00000038c5a00000,0x00000038c5b00000] [id=10276]
  0x0000016da9911770 GCTaskThread "GC Thread#9" [stack: 0x00000038c5b00000,0x00000038c5c00000] [id=8132]
  0x0000016d832a67d0 ConcurrentGCThread "G1 Main Marker" [stack: 0x00000038c3800000,0x00000038c3900000] [id=1488]
  0x0000016d832a7980 ConcurrentGCThread "G1 Conc#0" [stack: 0x00000038c3900000,0x00000038c3a00000] [id=17224]
  0x0000016d833050f0 ConcurrentGCThread "G1 Refine#0" [stack: 0x00000038c3a00000,0x00000038c3b00000] [id=2768]
  0x0000016d833059b0 ConcurrentGCThread "G1 Service" [stack: 0x00000038c3b00000,0x00000038c3c00000] [id=15788]

Threads with active compile tasks:

VM state: not at safepoint (normal execution)

VM Mutex/Monitor currently owned by a thread: None

Heap address: 0x0000000700e00000, size: 4082 MB, Compressed Oops mode: Zero based, Oop shift amount: 3

CDS archive(s) mapped at: [0x0000000800000000-0x0000000800bc0000-0x0000000800bc0000), size 12320768, SharedBaseAddress: 0x0000000800000000, ArchiveRelocationMode: 0.
Compressed class space mapped at: 0x0000000800c00000-0x0000000840c00000, reserved size: 1073741824
Narrow klass base: 0x0000000800000000, Narrow klass shift: 0, Narrow klass range: 0x100000000

GC Precious Log:
 CPUs: 12 total, 12 available
 Memory: 16321M
 Large Page Support: Disabled
 NUMA Support: Disabled
 Compressed Oops: Enabled (Zero based)
 Heap Region Size: 2M
 Heap Min Capacity: 8M
 Heap Initial Capacity: 256M
 Heap Max Capacity: 4082M
 Pre-touch: Disabled
 Parallel Workers: 10
 Concurrent Workers: 3
 Concurrent Refinement Workers: 10
 Periodic GC: Disabled

Heap:
 garbage-first heap   total 262144K, used 91065K [0x0000000700e00000, 0x0000000800000000)
  region size 2048K, 45 young (92160K), 5 survivors (10240K)
 Metaspace       used 12318K, committed 12544K, reserved 1064960K
  class space    used 1104K, committed 1216K, reserved 1048576K

Heap Regions: E=young(eden), S=young(survivor), O=old, HS=humongous(starts), HC=humongous(continues), CS=collection set, F=free, OA=open archive, CA=closed archive, TAMS=top-at-mark-start (previous, next)
|   0|0x0000000700e00000, 0x0000000701000000, 0x0000000701000000|100%| O|  |TAMS 0x0000000700e00000, 0x0000000700e00000| Untracked 
|   1|0x0000000701000000, 0x0000000701185400, 0x0000000701200000| 76%| O|  |TAMS 0x0000000701000000, 0x0000000701000000| Untracked 
|   2|0x0000000701200000, 0x0000000701200000, 0x0000000701400000|  0%| F|  |TAMS 0x0000000701200000, 0x0000000701200000| Untracked 
|   3|0x0000000701400000, 0x0000000701400000, 0x0000000701600000|  0%| F|  |TAMS 0x0000000701400000, 0x0000000701400000| Untracked 
|   4|0x0000000701600000, 0x0000000701600000, 0x0000000701800000|  0%| F|  |TAMS 0x0000000701600000, 0x0000000701600000| Untracked 
|   5|0x0000000701800000, 0x0000000701800000, 0x0000000701a00000|  0%| F|  |TAMS 0x0000000701800000, 0x0000000701800000| Untracked 
|   6|0x0000000701a00000, 0x0000000701a00000, 0x0000000701c00000|  0%| F|  |TAMS 0x0000000701a00000, 0x0000000701a00000| Untracked 
|   7|0x0000000701c00000, 0x0000000701c00000, 0x0000000701e00000|  0%| F|  |TAMS 0x0000000701c00000, 0x0000000701c00000| Untracked 
|   8|0x0000000701e00000, 0x0000000701e00000, 0x0000000702000000|  0%| F|  |TAMS 0x0000000701e00000, 0x0000000701e00000| Untracked 
|   9|0x0000000702000000, 0x0000000702000000, 0x0000000702200000|  0%| F|  |TAMS 0x0000000702000000, 0x0000000702000000| Untracked 
|  10|0x0000000702200000, 0x0000000702200000, 0x0000000702400000|  0%| F|  |TAMS 0x0000000702200000, 0x0000000702200000| Untracked 
|  11|0x0000000702400000, 0x0000000702400000, 0x0000000702600000|  0%| F|  |TAMS 0x0000000702400000, 0x0000000702400000| Untracked 
|  12|0x0000000702600000, 0x0000000702600000, 0x0000000702800000|  0%| F|  |TAMS 0x0000000702600000, 0x0000000702600000| Untracked 
|  13|0x0000000702800000, 0x0000000702800000, 0x0000000702a00000|  0%| F|  |TAMS 0x0000000702800000, 0x0000000702800000| Untracked 
|  14|0x0000000702a00000, 0x0000000702a00000, 0x0000000702c00000|  0%| F|  |TAMS 0x0000000702a00000, 0x0000000702a00000| Untracked 
|  15|0x0000000702c00000, 0x0000000702c00000, 0x0000000702e00000|  0%| F|  |TAMS 0x0000000702c00000, 0x0000000702c00000| Untracked 
|  16|0x0000000702e00000, 0x0000000702e00000, 0x0000000703000000|  0%| F|  |TAMS 0x0000000702e00000, 0x0000000702e00000| Untracked 
|  17|0x0000000703000000, 0x0000000703000000, 0x0000000703200000|  0%| F|  |TAMS 0x0000000703000000, 0x0000000703000000| Untracked 
|  18|0x0000000703200000, 0x0000000703200000, 0x0000000703400000|  0%| F|  |TAMS 0x0000000703200000, 0x0000000703200000| Untracked 
|  19|0x0000000703400000, 0x0000000703400000, 0x0000000703600000|  0%| F|  |TAMS 0x0000000703400000, 0x0000000703400000| Untracked 
|  20|0x0000000703600000, 0x0000000703600000, 0x0000000703800000|  0%| F|  |TAMS 0x0000000703600000, 0x0000000703600000| Untracked 
|  21|0x0000000703800000, 0x0000000703800000, 0x0000000703a00000|  0%| F|  |TAMS 0x0000000703800000, 0x0000000703800000| Untracked 
|  22|0x0000000703a00000, 0x0000000703a00000, 0x0000000703c00000|  0%| F|  |TAMS 0x0000000703a00000, 0x0000000703a00000| Untracked 
|  23|0x0000000703c00000, 0x0000000703c00000, 0x0000000703e00000|  0%| F|  |TAMS 0x0000000703c00000, 0x0000000703c00000| Untracked 
|  24|0x0000000703e00000, 0x0000000703e00000, 0x0000000704000000|  0%| F|  |TAMS 0x0000000703e00000, 0x0000000703e00000| Untracked 
|  25|0x0000000704000000, 0x0000000704000000, 0x0000000704200000|  0%| F|  |TAMS 0x0000000704000000, 0x0000000704000000| Untracked 
|  26|0x0000000704200000, 0x0000000704200000, 0x0000000704400000|  0%| F|  |TAMS 0x0000000704200000, 0x0000000704200000| Untracked 
|  27|0x0000000704400000, 0x0000000704400000, 0x0000000704600000|  0%| F|  |TAMS 0x0000000704400000, 0x0000000704400000| Untracked 
|  28|0x0000000704600000, 0x0000000704600000, 0x0000000704800000|  0%| F|  |TAMS 0x0000000704600000, 0x0000000704600000| Untracked 
|  29|0x0000000704800000, 0x0000000704800000, 0x0000000704a00000|  0%| F|  |TAMS 0x0000000704800000, 0x0000000704800000| Untracked 
|  30|0x0000000704a00000, 0x0000000704a00000, 0x0000000704c00000|  0%| F|  |TAMS 0x0000000704a00000, 0x0000000704a00000| Untracked 
|  31|0x0000000704c00000, 0x0000000704c00000, 0x0000000704e00000|  0%| F|  |TAMS 0x0000000704c00000, 0x0000000704c00000| Untracked 
|  32|0x0000000704e00000, 0x0000000704e00000, 0x0000000705000000|  0%| F|  |TAMS 0x0000000704e00000, 0x0000000704e00000| Untracked 
|  33|0x0000000705000000, 0x0000000705000000, 0x0000000705200000|  0%| F|  |TAMS 0x0000000705000000, 0x0000000705000000| Untracked 
|  34|0x0000000705200000, 0x0000000705200000, 0x0000000705400000|  0%| F|  |TAMS 0x0000000705200000, 0x0000000705200000| Untracked 
|  35|0x0000000705400000, 0x0000000705400000, 0x0000000705600000|  0%| F|  |TAMS 0x0000000705400000, 0x0000000705400000| Untracked 
|  36|0x0000000705600000, 0x0000000705600000, 0x0000000705800000|  0%| F|  |TAMS 0x0000000705600000, 0x0000000705600000| Untracked 
|  37|0x0000000705800000, 0x0000000705800000, 0x0000000705a00000|  0%| F|  |TAMS 0x0000000705800000, 0x0000000705800000| Untracked 
|  38|0x0000000705a00000, 0x0000000705a00000, 0x0000000705c00000|  0%| F|  |TAMS 0x0000000705a00000, 0x0000000705a00000| Untracked 
|  39|0x0000000705c00000, 0x0000000705c00000, 0x0000000705e00000|  0%| F|  |TAMS 0x0000000705c00000, 0x0000000705c00000| Untracked 
|  40|0x0000000705e00000, 0x0000000705e00000, 0x0000000706000000|  0%| F|  |TAMS 0x0000000705e00000, 0x0000000705e00000| Untracked 
|  41|0x0000000706000000, 0x0000000706000000, 0x0000000706200000|  0%| F|  |TAMS 0x0000000706000000, 0x0000000706000000| Untracked 
|  42|0x0000000706200000, 0x0000000706200000, 0x0000000706400000|  0%| F|  |TAMS 0x0000000706200000, 0x0000000706200000| Untracked 
|  43|0x0000000706400000, 0x0000000706400000, 0x0000000706600000|  0%| F|  |TAMS 0x0000000706400000, 0x0000000706400000| Untracked 
|  44|0x0000000706600000, 0x0000000706600000, 0x0000000706800000|  0%| F|  |TAMS 0x0000000706600000, 0x0000000706600000| Untracked 
|  45|0x0000000706800000, 0x0000000706800000, 0x0000000706a00000|  0%| F|  |TAMS 0x0000000706800000, 0x0000000706800000| Untracked 
|  46|0x0000000706a00000, 0x0000000706a00000, 0x0000000706c00000|  0%| F|  |TAMS 0x0000000706a00000, 0x0000000706a00000| Untracked 
|  47|0x0000000706c00000, 0x0000000706d69168, 0x0000000706e00000| 70%| S|CS|TAMS 0x0000000706c00000, 0x0000000706c00000| Complete 
|  48|0x0000000706e00000, 0x0000000707000000, 0x0000000707000000|100%| S|CS|TAMS 0x0000000706e00000, 0x0000000706e00000| Complete 
|  49|0x0000000707000000, 0x0000000707200000, 0x0000000707200000|100%| S|CS|TAMS 0x0000000707000000, 0x0000000707000000| Complete 
|  50|0x0000000707200000, 0x0000000707400000, 0x0000000707400000|100%| S|CS|TAMS 0x0000000707200000, 0x0000000707200000| Complete 
|  51|0x0000000707400000, 0x0000000707400000, 0x0000000707600000|  0%| F|  |TAMS 0x0000000707400000, 0x0000000707400000| Untracked 
|  52|0x0000000707600000, 0x0000000707600000, 0x0000000707800000|  0%| F|  |TAMS 0x0000000707600000, 0x0000000707600000| Untracked 
|  53|0x0000000707800000, 0x0000000707800000, 0x0000000707a00000|  0%| F|  |TAMS 0x0000000707800000, 0x0000000707800000| Untracked 
|  54|0x0000000707a00000, 0x0000000707a00000, 0x0000000707c00000|  0%| F|  |TAMS 0x0000000707a00000, 0x0000000707a00000| Untracked 
|  55|0x0000000707c00000, 0x0000000707c00000, 0x0000000707e00000|  0%| F|  |TAMS 0x0000000707c00000, 0x0000000707c00000| Untracked 
|  56|0x0000000707e00000, 0x0000000708000000, 0x0000000708000000|100%| S|CS|TAMS 0x0000000707e00000, 0x0000000707e00000| Complete 
|  57|0x0000000708000000, 0x0000000708000000, 0x0000000708200000|  0%| F|  |TAMS 0x0000000708000000, 0x0000000708000000| Untracked 
|  58|0x0000000708200000, 0x0000000708200000, 0x0000000708400000|  0%| F|  |TAMS 0x0000000708200000, 0x0000000708200000| Untracked 
|  59|0x0000000708400000, 0x0000000708400000, 0x0000000708600000|  0%| F|  |TAMS 0x0000000708400000, 0x0000000708400000| Untracked 
|  60|0x0000000708600000, 0x0000000708600000, 0x0000000708800000|  0%| F|  |TAMS 0x0000000708600000, 0x0000000708600000| Untracked 
|  61|0x0000000708800000, 0x0000000708800000, 0x0000000708a00000|  0%| F|  |TAMS 0x0000000708800000, 0x0000000708800000| Untracked 
|  62|0x0000000708a00000, 0x0000000708a00000, 0x0000000708c00000|  0%| F|  |TAMS 0x0000000708a00000, 0x0000000708a00000| Untracked 
|  63|0x0000000708c00000, 0x0000000708c00000, 0x0000000708e00000|  0%| F|  |TAMS 0x0000000708c00000, 0x0000000708c00000| Untracked 
|  64|0x0000000708e00000, 0x0000000708e00000, 0x0000000709000000|  0%| F|  |TAMS 0x0000000708e00000, 0x0000000708e00000| Untracked 
|  65|0x0000000709000000, 0x0000000709000000, 0x0000000709200000|  0%| F|  |TAMS 0x0000000709000000, 0x0000000709000000| Untracked 
|  66|0x0000000709200000, 0x0000000709200000, 0x0000000709400000|  0%| F|  |TAMS 0x0000000709200000, 0x0000000709200000| Untracked 
|  67|0x0000000709400000, 0x0000000709400000, 0x0000000709600000|  0%| F|  |TAMS 0x0000000709400000, 0x0000000709400000| Untracked 
|  68|0x0000000709600000, 0x0000000709600000, 0x0000000709800000|  0%| F|  |TAMS 0x0000000709600000, 0x0000000709600000| Untracked 
|  69|0x0000000709800000, 0x0000000709800000, 0x0000000709a00000|  0%| F|  |TAMS 0x0000000709800000, 0x0000000709800000| Untracked 
|  70|0x0000000709a00000, 0x0000000709a00000, 0x0000000709c00000|  0%| F|  |TAMS 0x0000000709a00000, 0x0000000709a00000| Untracked 
|  71|0x0000000709c00000, 0x0000000709c00000, 0x0000000709e00000|  0%| F|  |TAMS 0x0000000709c00000, 0x0000000709c00000| Untracked 
|  72|0x0000000709e00000, 0x0000000709e00000, 0x000000070a000000|  0%| F|  |TAMS 0x0000000709e00000, 0x0000000709e00000| Untracked 
|  73|0x000000070a000000, 0x000000070a000000, 0x000000070a200000|  0%| F|  |TAMS 0x000000070a000000, 0x000000070a000000| Untracked 
|  74|0x000000070a200000, 0x000000070a200000, 0x000000070a400000|  0%| F|  |TAMS 0x000000070a200000, 0x000000070a200000| Untracked 
|  75|0x000000070a400000, 0x000000070a400000, 0x000000070a600000|  0%| F|  |TAMS 0x000000070a400000, 0x000000070a400000| Untracked 
|  76|0x000000070a600000, 0x000000070a600000, 0x000000070a800000|  0%| F|  |TAMS 0x000000070a600000, 0x000000070a600000| Untracked 
|  77|0x000000070a800000, 0x000000070a800000, 0x000000070aa00000|  0%| F|  |TAMS 0x000000070a800000, 0x000000070a800000| Untracked 
|  78|0x000000070aa00000, 0x000000070aa00000, 0x000000070ac00000|  0%| F|  |TAMS 0x000000070aa00000, 0x000000070aa00000| Untracked 
|  79|0x000000070ac00000, 0x000000070ac00000, 0x000000070ae00000|  0%| F|  |TAMS 0x000000070ac00000, 0x000000070ac00000| Untracked 
|  80|0x000000070ae00000, 0x000000070ae00000, 0x000000070b000000|  0%| F|  |TAMS 0x000000070ae00000, 0x000000070ae00000| Untracked 
|  81|0x000000070b000000, 0x000000070b000000, 0x000000070b200000|  0%| F|  |TAMS 0x000000070b000000, 0x000000070b000000| Untracked 
|  82|0x000000070b200000, 0x000000070b200000, 0x000000070b400000|  0%| F|  |TAMS 0x000000070b200000, 0x000000070b200000| Untracked 
|  83|0x000000070b400000, 0x000000070b400000, 0x000000070b600000|  0%| F|  |TAMS 0x000000070b400000, 0x000000070b400000| Untracked 
|  84|0x000000070b600000, 0x000000070b600000, 0x000000070b800000|  0%| F|  |TAMS 0x000000070b600000, 0x000000070b600000| Untracked 
|  85|0x000000070b800000, 0x000000070b800000, 0x000000070ba00000|  0%| F|  |TAMS 0x000000070b800000, 0x000000070b800000| Untracked 
|  86|0x000000070ba00000, 0x000000070ba00000, 0x000000070bc00000|  0%| F|  |TAMS 0x000000070ba00000, 0x000000070ba00000| Untracked 
|  87|0x000000070bc00000, 0x000000070bc00000, 0x000000070be00000|  0%| F|  |TAMS 0x000000070bc00000, 0x000000070bc00000| Untracked 
|  88|0x000000070be00000, 0x000000070bf00800, 0x000000070c000000| 50%| E|  |TAMS 0x000000070be00000, 0x000000070be00000| Complete 
|  89|0x000000070c000000, 0x000000070c200000, 0x000000070c200000|100%| E|CS|TAMS 0x000000070c000000, 0x000000070c000000| Complete 
|  90|0x000000070c200000, 0x000000070c400000, 0x000000070c400000|100%| E|CS|TAMS 0x000000070c200000, 0x000000070c200000| Complete 
|  91|0x000000070c400000, 0x000000070c600000, 0x000000070c600000|100%| E|  |TAMS 0x000000070c400000, 0x000000070c400000| Complete 
|  92|0x000000070c600000, 0x000000070c800000, 0x000000070c800000|100%| E|CS|TAMS 0x000000070c600000, 0x000000070c600000| Complete 
|  93|0x000000070c800000, 0x000000070ca00000, 0x000000070ca00000|100%| E|CS|TAMS 0x000000070c800000, 0x000000070c800000| Complete 
|  94|0x000000070ca00000, 0x000000070cc00000, 0x000000070cc00000|100%| E|CS|TAMS 0x000000070ca00000, 0x000000070ca00000| Complete 
|  95|0x000000070cc00000, 0x000000070ce00000, 0x000000070ce00000|100%| E|CS|TAMS 0x000000070cc00000, 0x000000070cc00000| Complete 
|  96|0x000000070ce00000, 0x000000070d000000, 0x000000070d000000|100%| E|CS|TAMS 0x000000070ce00000, 0x000000070ce00000| Complete 
|  97|0x000000070d000000, 0x000000070d200000, 0x000000070d200000|100%| E|CS|TAMS 0x000000070d000000, 0x000000070d000000| Complete 
|  98|0x000000070d200000, 0x000000070d400000, 0x000000070d400000|100%| E|CS|TAMS 0x000000070d200000, 0x000000070d200000| Complete 
|  99|0x000000070d400000, 0x000000070d600000, 0x000000070d600000|100%| E|CS|TAMS 0x000000070d400000, 0x000000070d400000| Complete 
| 100|0x000000070d600000, 0x000000070d800000, 0x000000070d800000|100%| E|CS|TAMS 0x000000070d600000, 0x000000070d600000| Complete 
| 101|0x000000070d800000, 0x000000070da00000, 0x000000070da00000|100%| E|CS|TAMS 0x000000070d800000, 0x000000070d800000| Complete 
| 102|0x000000070da00000, 0x000000070dc00000, 0x000000070dc00000|100%| E|CS|TAMS 0x000000070da00000, 0x000000070da00000| Complete 
| 103|0x000000070dc00000, 0x000000070de00000, 0x000000070de00000|100%| E|CS|TAMS 0x000000070dc00000, 0x000000070dc00000| Complete 
| 104|0x000000070de00000, 0x000000070e000000, 0x000000070e000000|100%| E|CS|TAMS 0x000000070de00000, 0x000000070de00000| Complete 
| 105|0x000000070e000000, 0x000000070e200000, 0x000000070e200000|100%| E|CS|TAMS 0x000000070e000000, 0x000000070e000000| Complete 
| 106|0x000000070e200000, 0x000000070e400000, 0x000000070e400000|100%| E|CS|TAMS 0x000000070e200000, 0x000000070e200000| Complete 
| 107|0x000000070e400000, 0x000000070e600000, 0x000000070e600000|100%| E|CS|TAMS 0x000000070e400000, 0x000000070e400000| Complete 
| 108|0x000000070e600000, 0x000000070e800000, 0x000000070e800000|100%| E|CS|TAMS 0x000000070e600000, 0x000000070e600000| Complete 
| 109|0x000000070e800000, 0x000000070ea00000, 0x000000070ea00000|100%| E|CS|TAMS 0x000000070e800000, 0x000000070e800000| Complete 
| 110|0x000000070ea00000, 0x000000070ec00000, 0x000000070ec00000|100%| E|CS|TAMS 0x000000070ea00000, 0x000000070ea00000| Complete 
| 111|0x000000070ec00000, 0x000000070ee00000, 0x000000070ee00000|100%| E|CS|TAMS 0x000000070ec00000, 0x000000070ec00000| Complete 
| 112|0x000000070ee00000, 0x000000070f000000, 0x000000070f000000|100%| E|CS|TAMS 0x000000070ee00000, 0x000000070ee00000| Complete 
| 113|0x000000070f000000, 0x000000070f200000, 0x000000070f200000|100%| E|CS|TAMS 0x000000070f000000, 0x000000070f000000| Complete 
| 114|0x000000070f200000, 0x000000070f400000, 0x000000070f400000|100%| E|CS|TAMS 0x000000070f200000, 0x000000070f200000| Complete 
| 115|0x000000070f400000, 0x000000070f600000, 0x000000070f600000|100%| E|CS|TAMS 0x000000070f400000, 0x000000070f400000| Complete 
| 116|0x000000070f600000, 0x000000070f800000, 0x000000070f800000|100%| E|CS|TAMS 0x000000070f600000, 0x000000070f600000| Complete 
| 117|0x000000070f800000, 0x000000070fa00000, 0x000000070fa00000|100%| E|CS|TAMS 0x000000070f800000, 0x000000070f800000| Complete 
| 118|0x000000070fa00000, 0x000000070fc00000, 0x000000070fc00000|100%| E|CS|TAMS 0x000000070fa00000, 0x000000070fa00000| Complete 
| 119|0x000000070fc00000, 0x000000070fe00000, 0x000000070fe00000|100%| E|CS|TAMS 0x000000070fc00000, 0x000000070fc00000| Complete 
| 120|0x000000070fe00000, 0x0000000710000000, 0x0000000710000000|100%| E|CS|TAMS 0x000000070fe00000, 0x000000070fe00000| Complete 
| 121|0x0000000710000000, 0x0000000710200000, 0x0000000710200000|100%| E|CS|TAMS 0x0000000710000000, 0x0000000710000000| Complete 
| 122|0x0000000710200000, 0x0000000710400000, 0x0000000710400000|100%| E|CS|TAMS 0x0000000710200000, 0x0000000710200000| Complete 
| 123|0x0000000710400000, 0x0000000710600000, 0x0000000710600000|100%| E|CS|TAMS 0x0000000710400000, 0x0000000710400000| Complete 
| 124|0x0000000710600000, 0x0000000710800000, 0x0000000710800000|100%| E|CS|TAMS 0x0000000710600000, 0x0000000710600000| Complete 
| 125|0x0000000710800000, 0x0000000710a00000, 0x0000000710a00000|100%| E|CS|TAMS 0x0000000710800000, 0x0000000710800000| Complete 
| 126|0x0000000710a00000, 0x0000000710c00000, 0x0000000710c00000|100%| E|CS|TAMS 0x0000000710a00000, 0x0000000710a00000| Complete 
| 127|0x0000000710c00000, 0x0000000710e00000, 0x0000000710e00000|100%| E|CS|TAMS 0x0000000710c00000, 0x0000000710c00000| Complete 

Card table byte_map: [0x0000016d9a7d0000,0x0000016d9afd0000] _byte_map_base: 0x0000016d96fc9000

Marking Bits (Prev, Next): (CMBitMap*) 0x0000016d83295e30, (CMBitMap*) 0x0000016d83295e70
 Prev Bits: [0x0000016d9b7d0000, 0x0000016d9f798000)
 Next Bits: [0x0000016d9f7a0000, 0x0000016da3768000)

Polling page: 0x0000016d81200000

Metaspace:

Usage:
  Non-class:     10.95 MB used.
      Class:      1.08 MB used.
       Both:     12.03 MB used.

Virtual space:
  Non-class space:       16.00 MB reserved,      11.06 MB ( 69%) committed,  2 nodes.
      Class space:        1.00 GB reserved,       1.19 MB ( <1%) committed,  1 nodes.
             Both:        1.02 GB reserved,      12.25 MB (  1%) committed. 

Chunk freelists:
   Non-Class:  656.00 KB
       Class:  2.79 MB
        Both:  3.43 MB

MaxMetaspaceSize: unlimited
CompressedClassSpaceSize: 1.00 GB
Initial GC threshold: 21.00 MB
Current GC threshold: 21.00 MB
CDS: on
MetaspaceReclaimPolicy: balanced
 - commit_granule_bytes: 65536.
 - commit_granule_words: 8192.
 - virtual_space_node_default_size: 1048576.
 - enlarge_chunks_in_place: 1.
 - new_chunks_are_fully_committed: 0.
 - uncommit_free_chunks: 1.
 - use_allocation_guard: 0.
 - handle_deallocations: 1.


Internal statistics:

num_allocs_failed_limit: 0.
num_arena_births: 230.
num_arena_deaths: 0.
num_vsnodes_births: 3.
num_vsnodes_deaths: 0.
num_space_committed: 194.
num_space_uncommitted: 0.
num_chunks_returned_to_freelist: 0.
num_chunks_taken_from_freelist: 586.
num_chunk_merges: 0.
num_chunk_splits: 413.
num_chunks_enlarged: 306.
num_purges: 0.
num_inconsistent_stats: 0.

CodeHeap 'non-profiled nmethods': size=120000Kb used=2965Kb max_used=3486Kb free=117034Kb
 bounds [0x0000016d92550000, 0x0000016d928c0000, 0x0000016d99a80000]
CodeHeap 'profiled nmethods': size=120000Kb used=4678Kb max_used=7176Kb free=115321Kb
 bounds [0x0000016d8b020000, 0x0000016d8b730000, 0x0000016d92550000]
CodeHeap 'non-nmethods': size=5760Kb used=1661Kb max_used=1716Kb free=4098Kb
 bounds [0x0000016d8aa80000, 0x0000016d8acf0000, 0x0000016d8b020000]
 total_blobs=3971 nmethods=2864 adapters=1019
 compilation: enabled
              stopped_count=0, restarted_count=0
 full_count=0

Compilation events (20 events):
Event: 20.960 Thread 0x0000016da63ffca0 3614       3       com.badlogic.gdx.utils.IntArray::get (54 bytes)
Event: 20.960 Thread 0x0000016da63ffca0 nmethod 3614 0x0000016d8b176e10 code [0x0000016d8b177080, 0x0000016d8b177898]
Event: 20.960 Thread 0x0000016da63ffca0 3615       3       java.nio.ByteBuffer::wrap (8 bytes)
Event: 20.960 Thread 0x0000016da63ffca0 nmethod 3615 0x0000016d8b048390 code [0x0000016d8b048520, 0x0000016d8b048648]
Event: 20.960 Thread 0x0000016da63ffca0 3616   !   3       java.nio.ByteBuffer::wrap (21 bytes)
Event: 20.961 Thread 0x0000016da63ffca0 nmethod 3616 0x0000016d8b075a10 code [0x0000016d8b075bc0, 0x0000016d8b075e58]
Event: 20.961 Thread 0x0000016da63ffca0 3617       3       java.nio.HeapByteBuffer::<init> (23 bytes)
Event: 20.961 Thread 0x0000016da63ffca0 nmethod 3617 0x0000016d8b08c310 code [0x0000016d8b08c4c0, 0x0000016d8b08c648]
Event: 20.962 Thread 0x0000016da63ffca0 3618       3       javazoom.jl.decoder.BitReserve::rewindNbytes (43 bytes)
Event: 20.962 Thread 0x0000016da63ffca0 nmethod 3618 0x0000016d8b085090 code [0x0000016d8b085220, 0x0000016d8b085398]
Event: 20.965 Thread 0x0000016da63ffca0 3619       3       com.badlogic.gdx.utils.Pool::freeAll (107 bytes)
Event: 20.965 Thread 0x0000016da63ffca0 nmethod 3619 0x0000016d8b5d0310 code [0x0000016d8b5d0560, 0x0000016d8b5d1448]
Event: 21.054 Thread 0x0000016da63ffca0 3620       3       com.deco2800.game.components.TouchAttackComponent$$Lambda$99/0x0000000800d09ce0::handle (16 bytes)
Event: 21.055 Thread 0x0000016da63ffca0 nmethod 3620 0x0000016d8b10d590 code [0x0000016d8b10d740, 0x0000016d8b10da88]
Event: 21.055 Thread 0x0000016da63ffca0 3621       3       com.deco2800.game.components.TouchAttackComponent::onCollisionStart (145 bytes)
Event: 21.055 Thread 0x0000016def3d56c0 3622       4       com.badlogic.gdx.scenes.scene2d.ui.ProgressBar::setValue (99 bytes)
Event: 21.056 Thread 0x0000016da63ffca0 nmethod 3621 0x0000016d8b0e9910 code [0x0000016d8b0e9d00, 0x0000016d8b0ebbe8]
Event: 21.057 Thread 0x0000016def3d56c0 nmethod 3622 0x0000016d92827910 code [0x0000016d92827b00, 0x0000016d92827f50]
Event: 21.072 Thread 0x0000016def3d56c0 3623       4       com.deco2800.game.rendering.AnimationRenderComponent::draw (80 bytes)
Event: 21.078 Thread 0x0000016def3d56c0 nmethod 3623 0x0000016d92578110 code [0x0000016d92578320, 0x0000016d92578b48]

GC Heap History (12 events):
Event: 1.126 GC heap before
{Heap before GC invocations=0 (full 0):
 garbage-first heap   total 262144K, used 22528K [0x0000000700e00000, 0x0000000800000000)
  region size 2048K, 11 young (22528K), 0 survivors (0K)
 Metaspace       used 6793K, committed 6976K, reserved 1064960K
  class space    used 543K, committed 640K, reserved 1048576K
}
Event: 1.129 GC heap after
{Heap after GC invocations=1 (full 0):
 garbage-first heap   total 262144K, used 3737K [0x0000000700e00000, 0x0000000800000000)
  region size 2048K, 2 young (4096K), 2 survivors (4096K)
 Metaspace       used 6793K, committed 6976K, reserved 1064960K
  class space    used 543K, committed 640K, reserved 1048576K
}
Event: 3.330 GC heap before
{Heap before GC invocations=1 (full 0):
 garbage-first heap   total 262144K, used 30361K [0x0000000700e00000, 0x0000000800000000)
  region size 2048K, 16 young (32768K), 2 survivors (4096K)
 Metaspace       used 8967K, committed 9216K, reserved 1064960K
  class space    used 741K, committed 832K, reserved 1048576K
}
Event: 3.333 GC heap after
{Heap after GC invocations=2 (full 0):
 garbage-first heap   total 262144K, used 5239K [0x0000000700e00000, 0x0000000800000000)
  region size 2048K, 1 young (2048K), 1 survivors (2048K)
 Metaspace       used 8967K, committed 9216K, reserved 1064960K
  class space    used 741K, committed 832K, reserved 1048576K
}
Event: 8.043 GC heap before
{Heap before GC invocations=2 (full 0):
 garbage-first heap   total 262144K, used 152695K [0x0000000700e00000, 0x0000000800000000)
  region size 2048K, 72 young (147456K), 1 survivors (2048K)
 Metaspace       used 11889K, committed 12096K, reserved 1064960K
  class space    used 1085K, committed 1152K, reserved 1048576K
}
Event: 8.048 GC heap after
{Heap after GC invocations=3 (full 0):
 garbage-first heap   total 262144K, used 11902K [0x0000000700e00000, 0x0000000800000000)
  region size 2048K, 5 young (10240K), 5 survivors (10240K)
 Metaspace       used 11889K, committed 12096K, reserved 1064960K
  class space    used 1085K, committed 1152K, reserved 1048576K
}
Event: 8.579 GC heap before
{Heap before GC invocations=3 (full 0):
 garbage-first heap   total 262144K, used 157310K [0x0000000700e00000, 0x0000000800000000)
  region size 2048K, 76 young (155648K), 5 survivors (10240K)
 Metaspace       used 11891K, committed 12096K, reserved 1064960K
  class space    used 1085K, committed 1152K, reserved 1048576K
}
Event: 8.582 GC heap after
{Heap after GC invocations=4 (full 0):
 garbage-first heap   total 262144K, used 12321K [0x0000000700e00000, 0x0000000800000000)
  region size 2048K, 5 young (10240K), 5 survivors (10240K)
 Metaspace       used 11891K, committed 12096K, reserved 1064960K
  class space    used 1085K, committed 1152K, reserved 1048576K
}
Event: 9.108 GC heap before
{Heap before GC invocations=4 (full 0):
 garbage-first heap   total 262144K, used 157729K [0x0000000700e00000, 0x0000000800000000)
  region size 2048K, 76 young (155648K), 5 survivors (10240K)
 Metaspace       used 11930K, committed 12096K, reserved 1064960K
  class space    used 1091K, committed 1152K, reserved 1048576K
}
Event: 9.110 GC heap after
{Heap after GC invocations=5 (full 0):
 garbage-first heap   total 262144K, used 12442K [0x0000000700e00000, 0x0000000800000000)
  region size 2048K, 5 young (10240K), 5 survivors (10240K)
 Metaspace       used 11930K, committed 12096K, reserved 1064960K
  class space    used 1091K, committed 1152K, reserved 1048576K
}
Event: 19.560 GC heap before
{Heap before GC invocations=5 (full 0):
 garbage-first heap   total 262144K, used 157850K [0x0000000700e00000, 0x0000000800000000)
  region size 2048K, 76 young (155648K), 5 survivors (10240K)
 Metaspace       used 12275K, committed 12544K, reserved 1064960K
  class space    used 1103K, committed 1216K, reserved 1048576K
}
Event: 19.562 GC heap after
{Heap after GC invocations=6 (full 0):
 garbage-first heap   total 262144K, used 13241K [0x0000000700e00000, 0x0000000800000000)
  region size 2048K, 5 young (10240K), 5 survivors (10240K)
 Metaspace       used 12275K, committed 12544K, reserved 1064960K
  class space    used 1103K, committed 1216K, reserved 1048576K
}

Deoptimization events (20 events):
Event: 20.748 Thread 0x0000016d83243e10 Uncommon trap: trap_request=0xffffffde fr.pc=0x0000016d926ef9d0 relative=0x0000000000000190
Event: 20.748 Thread 0x0000016d83243e10 Uncommon trap: reason=class_check action=maybe_recompile pc=0x0000016d926ef9d0 method=java.util.stream.FindOps$FindOp.evaluateSequential(Ljava/util/stream/PipelineHelper;Ljava/util/Spliterator;)Ljava/lang/Object; @ 5 c2
Event: 20.748 Thread 0x0000016d83243e10 DEOPT PACKING pc=0x0000016d926ef9d0 sp=0x00000038c36fe590
Event: 20.748 Thread 0x0000016d83243e10 DEOPT UNPACKING pc=0x0000016d8aad23a3 sp=0x00000038c36fe530 mode 2
Event: 20.907 Thread 0x0000016d83243e10 Uncommon trap: trap_request=0xffffff66 fr.pc=0x0000016d928b7888 relative=0x00000000000000e8
Event: 20.907 Thread 0x0000016d83243e10 Uncommon trap: reason=speculate_class_check action=maybe_recompile pc=0x0000016d928b7888 method=jdk.internal.reflect.UnsafeObjectFieldAccessorImpl.get(Ljava/lang/Object;)Ljava/lang/Object; @ 13 c2
Event: 20.907 Thread 0x0000016d83243e10 DEOPT PACKING pc=0x0000016d928b7888 sp=0x00000038c36fd540
Event: 20.907 Thread 0x0000016d83243e10 DEOPT UNPACKING pc=0x0000016d8aad23a3 sp=0x00000038c36fd4d8 mode 2
Event: 20.907 Thread 0x0000016d83243e10 Uncommon trap: trap_request=0xffffff66 fr.pc=0x0000016d928b7888 relative=0x00000000000000e8
Event: 20.907 Thread 0x0000016d83243e10 Uncommon trap: reason=speculate_class_check action=maybe_recompile pc=0x0000016d928b7888 method=jdk.internal.reflect.UnsafeObjectFieldAccessorImpl.get(Ljava/lang/Object;)Ljava/lang/Object; @ 13 c2
Event: 20.907 Thread 0x0000016d83243e10 DEOPT PACKING pc=0x0000016d928b7888 sp=0x00000038c36fd640
Event: 20.907 Thread 0x0000016d83243e10 DEOPT UNPACKING pc=0x0000016d8aad23a3 sp=0x00000038c36fd5d8 mode 2
Event: 20.955 Thread 0x0000016d83243e10 Uncommon trap: trap_request=0xffffff66 fr.pc=0x0000016d928b7888 relative=0x00000000000000e8
Event: 20.955 Thread 0x0000016d83243e10 Uncommon trap: reason=speculate_class_check action=maybe_recompile pc=0x0000016d928b7888 method=jdk.internal.reflect.UnsafeObjectFieldAccessorImpl.get(Ljava/lang/Object;)Ljava/lang/Object; @ 13 c2
Event: 20.955 Thread 0x0000016d83243e10 DEOPT PACKING pc=0x0000016d928b7888 sp=0x00000038c36fd540
Event: 20.955 Thread 0x0000016d83243e10 DEOPT UNPACKING pc=0x0000016d8aad23a3 sp=0x00000038c36fd4d8 mode 2
Event: 20.955 Thread 0x0000016d83243e10 Uncommon trap: trap_request=0xffffff66 fr.pc=0x0000016d928b7888 relative=0x00000000000000e8
Event: 20.955 Thread 0x0000016d83243e10 Uncommon trap: reason=speculate_class_check action=maybe_recompile pc=0x0000016d928b7888 method=jdk.internal.reflect.UnsafeObjectFieldAccessorImpl.get(Ljava/lang/Object;)Ljava/lang/Object; @ 13 c2
Event: 20.955 Thread 0x0000016d83243e10 DEOPT PACKING pc=0x0000016d928b7888 sp=0x00000038c36fd640
Event: 20.955 Thread 0x0000016d83243e10 DEOPT UNPACKING pc=0x0000016d8aad23a3 sp=0x00000038c36fd5d8 mode 2

Classes unloaded (0 events):
No events

Classes redefined (0 events):
No events

Internal exceptions (20 events):
Event: 1.100 Thread 0x0000016d83243e10 Exception <a 'java/lang/NoSuchMethodError'{0x000000070fb9d768}: 'void java.lang.invoke.DirectMethodHandle$Holder.invokeSpecial(java.lang.Object, java.lang.Object, java.lang.Object, int)'> (0x000000070fb9d768) 
thrown [t:\workspace\open\src\hotspot\share\interpreter\linkResolver.cpp, line 766]
Event: 1.101 Thread 0x0000016d83243e10 Exception <a 'java/lang/NoSuchMethodError'{0x000000070fba68e8}: 'void java.lang.invoke.DirectMethodHandle$Holder.invokeVirtual(java.lang.Object, java.lang.Object, long)'> (0x000000070fba68e8) 
thrown [t:\workspace\open\src\hotspot\share\interpreter\linkResolver.cpp, line 766]
Event: 1.101 Thread 0x0000016d83243e10 Exception <a 'java/lang/NoSuchMethodError'{0x000000070fbaccd0}: 'void java.lang.invoke.DirectMethodHandle$Holder.invokeVirtual(java.lang.Object, java.lang.Object, int)'> (0x000000070fbaccd0) 
thrown [t:\workspace\open\src\hotspot\share\interpreter\linkResolver.cpp, line 766]
Event: 1.110 Thread 0x0000016d83243e10 Exception <a 'java/lang/NoSuchMethodError'{0x000000070f84c380}: 'void java.lang.invoke.DirectMethodHandle$Holder.invokeVirtual(java.lang.Object, java.lang.Object)'> (0x000000070f84c380) 
thrown [t:\workspace\open\src\hotspot\share\interpreter\linkResolver.cpp, line 766]
Event: 4.738 Thread 0x0000016d83243e10 Implicit null exception at 0x0000016d92633ef9 to 0x0000016d92634350
Event: 4.738 Thread 0x0000016d83243e10 Implicit null exception at 0x0000016d9260cfb2 to 0x0000016d9260d1bc
Event: 5.395 Thread 0x0000016d83243e10 Exception <a 'java/lang/NoSuchMethodError'{0x00000007107fc528}: 'void java.lang.invoke.DirectMethodHandle$Holder.invokeStatic(java.lang.Object, java.lang.Object, java.lang.Object)'> (0x00000007107fc528) 
thrown [t:\workspace\open\src\hotspot\share\interpreter\linkResolver.cpp, line 766]
Event: 5.706 Thread 0x0000016d83243e10 Exception <a 'java/lang/NoSuchMethodError'{0x000000070fc05dd8}: 'java.lang.Object java.lang.invoke.DirectMethodHandle$Holder.invokeStaticInit(java.lang.Object, int, int, int, int)'> (0x000000070fc05dd8) 
thrown [t:\workspace\open\src\hotspot\share\interpreter\linkResolver.cpp, line 766]
Event: 5.749 Thread 0x0000016d83243e10 Exception <a 'java/lang/NoSuchMethodError'{0x000000070fc49148}: 'java.lang.Object java.lang.invoke.DirectMethodHandle$Holder.invokeStaticInit(java.lang.Object, java.lang.Object, int, int, int, int)'> (0x000000070fc49148) 
thrown [t:\workspace\open\src\hotspot\share\interpreter\linkResolver.cpp, line 766]
Event: 5.886 Thread 0x0000016d83243e10 Implicit null exception at 0x0000016d9260c613 to 0x0000016d9260c75c
Event: 5.909 Thread 0x0000016d83243e10 Exception <a 'java/lang/NoSuchMethodError'{0x000000070cf09fd8}: 'void java.lang.invoke.DirectMethodHandle$Holder.invokeSpecial(java.lang.Object, java.lang.Object, int)'> (0x000000070cf09fd8) 
thrown [t:\workspace\open\src\hotspot\share\interpreter\linkResolver.cpp, line 766]
Event: 5.911 Thread 0x0000016d83243e10 Exception <a 'java/lang/NoSuchMethodError'{0x000000070cf1ddc0}: 'void java.lang.invoke.DirectMethodHandle$Holder.invokeVirtual(java.lang.Object, java.lang.Object, int, int)'> (0x000000070cf1ddc0) 
thrown [t:\workspace\open\src\hotspot\share\interpreter\linkResolver.cpp, line 766]
Event: 5.923 Thread 0x0000016d83243e10 Implicit null exception at 0x0000016d926b40e4 to 0x0000016d926b46b4
Event: 5.923 Thread 0x0000016d83243e10 Implicit null exception at 0x0000016d926aea4e to 0x0000016d926aeed4
Event: 5.995 Thread 0x0000016d83243e10 Exception <a 'java/lang/NoSuchMethodError'{0x000000070c8e3da8}: 'java.lang.Object java.lang.invoke.DirectMethodHandle$Holder.invokeSpecial(java.lang.Object, java.lang.Object, java.lang.Object, java.lang.Object, int)'> (0x000000070c8e3da8) 
thrown [t:\workspace\open\src\hotspot\share\interpreter\linkResolver.cpp, line 766]
Event: 5.995 Thread 0x0000016d83243e10 Exception <a 'java/lang/NoSuchMethodError'{0x000000070c8e7970}: 'java.lang.Object java.lang.invoke.Invokers$Holder.linkToTargetMethod(java.lang.Object, java.lang.Object, int, java.lang.Object)'> (0x000000070c8e7970) 
thrown [t:\workspace\open\src\hotspot\share\interpreter\linkResolver.cpp, line 766]
Event: 7.815 Thread 0x0000016d83243e10 Exception <a 'java/lang/NoSuchMethodError'{0x000000070bd458e8}: 'java.lang.Object java.lang.invoke.DirectMethodHandle$Holder.invokeSpecial(java.lang.Object, java.lang.Object, java.lang.Object, int, java.lang.Object)'> (0x000000070bd458e8) 
thrown [t:\workspace\open\src\hotspot\share\interpreter\linkResolver.cpp, line 766]
Event: 8.744 Thread 0x0000016d83243e10 Exception <a 'java/lang/NoSuchMethodError'{0x000000070e536cf8}: 'void java.lang.invoke.DirectMethodHandle$Holder.invokeStatic(java.lang.Object, java.lang.Object, java.lang.Object, java.lang.Object)'> (0x000000070e536cf8) 
thrown [t:\workspace\open\src\hotspot\share\interpreter\linkResolver.cpp, line 766]
Event: 8.746 Thread 0x0000016d83243e10 Exception <a 'java/lang/NoSuchMethodError'{0x000000070e53fef0}: 'int java.lang.invoke.DirectMethodHandle$Holder.invokeInterface(java.lang.Object, java.lang.Object)'> (0x000000070e53fef0) 
thrown [t:\workspace\open\src\hotspot\share\interpreter\linkResolver.cpp, line 766]
Event: 18.396 Thread 0x0000016d83243e10 Exception <a 'java/lang/NoSuchMethodError'{0x000000070c8172c8}: 'void java.lang.invoke.DirectMethodHandle$Holder.invokeSpecial(java.lang.Object, java.lang.Object, int, java.lang.Object)'> (0x000000070c8172c8) 
thrown [t:\workspace\open\src\hotspot\share\interpreter\linkResolver.cpp, line 766]

VM Operations (20 events):
Event: 15.111 Executing VM operation: Cleanup
Event: 15.111 Executing VM operation: Cleanup done
Event: 16.111 Executing VM operation: Cleanup
Event: 16.111 Executing VM operation: Cleanup done
Event: 17.112 Executing VM operation: Cleanup
Event: 17.112 Executing VM operation: Cleanup done
Event: 18.113 Executing VM operation: Cleanup
Event: 18.113 Executing VM operation: Cleanup done
Event: 19.113 Executing VM operation: Cleanup
Event: 19.114 Executing VM operation: Cleanup done
Event: 19.560 Executing VM operation: G1CollectForAllocation
Event: 19.562 Executing VM operation: G1CollectForAllocation done
Event: 20.853 Executing VM operation: HandshakeAllThreads
Event: 20.853 Executing VM operation: HandshakeAllThreads done
Event: 20.853 Executing VM operation: Cleanup
Event: 20.853 Executing VM operation: Cleanup done
Event: 20.903 Executing VM operation: HandshakeAllThreads
Event: 20.903 Executing VM operation: HandshakeAllThreads done
Event: 20.912 Executing VM operation: HandshakeAllThreads
Event: 20.912 Executing VM operation: HandshakeAllThreads done

Events (20 events):
Event: 20.914 Thread 0x0000016da6408ab0 flushing nmethod 0x0000016d8b647c90
Event: 20.914 Thread 0x0000016da6408ab0 flushing nmethod 0x0000016d8b648190
Event: 20.914 Thread 0x0000016da6408ab0 flushing nmethod 0x0000016d8b64d410
Event: 20.914 Thread 0x0000016da6408ab0 flushing nmethod 0x0000016d8b653c10
Event: 20.914 Thread 0x0000016da6408ab0 flushing nmethod 0x0000016d8b654410
Event: 20.914 Thread 0x0000016da6408ab0 flushing nmethod 0x0000016d8b65a890
Event: 20.914 Thread 0x0000016da6408ab0 flushing nmethod 0x0000016d8b662590
Event: 20.914 Thread 0x0000016da6408ab0 flushing nmethod 0x0000016d8b670690
Event: 20.914 Thread 0x0000016da6408ab0 flushing nmethod 0x0000016d8b68cb10
Event: 20.914 Thread 0x0000016da6408ab0 flushing nmethod 0x0000016d8b68cf10
Event: 20.914 Thread 0x0000016da6408ab0 flushing nmethod 0x0000016d8b6be210
Event: 20.914 Thread 0x0000016da6408ab0 flushing nmethod 0x0000016d8b6c0b10
Event: 20.914 Thread 0x0000016da6408ab0 flushing nmethod 0x0000016d8b6c7e90
Event: 20.914 Thread 0x0000016da6408ab0 flushing nmethod 0x0000016d8b6d9590
Event: 20.914 Thread 0x0000016da6408ab0 flushing nmethod 0x0000016d8b6df110
Event: 20.914 Thread 0x0000016da6408ab0 flushing nmethod 0x0000016d8b6e0610
Event: 20.914 Thread 0x0000016da6408ab0 flushing nmethod 0x0000016d8b6eee10
Event: 20.914 Thread 0x0000016da6408ab0 flushing nmethod 0x0000016d8b6ff710
Event: 20.914 Thread 0x0000016da6408ab0 flushing nmethod 0x0000016d8b71a810
Event: 21.072 Thread 0x0000016def17b1c0 Thread exited: 0x0000016def17b1c0


Dynamic libraries:
0x00007ff7354c0000 - 0x00007ff7354ce000 	C:\Users\12136\Desktop\UQ\S4\DECO2800\openjdk-17.0.2_windows-x64_bin\jdk-17.0.2\bin\java.exe
0x00007ffff69a0000 - 0x00007ffff6ba9000 	C:\WINDOWS\SYSTEM32\ntdll.dll
0x00007ffff53d0000 - 0x00007ffff548d000 	C:\WINDOWS\System32\KERNEL32.DLL
0x00007ffff41d0000 - 0x00007ffff454c000 	C:\WINDOWS\System32\KERNELBASE.dll
0x00007ffff40b0000 - 0x00007ffff41c1000 	C:\WINDOWS\System32\ucrtbase.dll
0x00007fffcf290000 - 0x00007fffcf2a8000 	C:\Users\12136\Desktop\UQ\S4\DECO2800\openjdk-17.0.2_windows-x64_bin\jdk-17.0.2\bin\jli.dll
0x00007fffcf220000 - 0x00007fffcf23a000 	C:\Users\12136\Desktop\UQ\S4\DECO2800\openjdk-17.0.2_windows-x64_bin\jdk-17.0.2\bin\VCRUNTIME140.dll
0x00007ffff6190000 - 0x00007ffff633d000 	C:\WINDOWS\System32\USER32.dll
0x00007ffff4800000 - 0x00007ffff4826000 	C:\WINDOWS\System32\win32u.dll
0x00007fffe1a20000 - 0x00007fffe1cc5000 	C:\WINDOWS\WinSxS\amd64_microsoft.windows.common-controls_6595b64144ccf1df_6.0.22000.120_none_9d947278b86cc467\COMCTL32.dll
0x00007ffff66c0000 - 0x00007ffff66e9000 	C:\WINDOWS\System32\GDI32.dll
0x00007ffff60e0000 - 0x00007ffff6183000 	C:\WINDOWS\System32\msvcrt.dll
0x00007ffff46e0000 - 0x00007ffff47f9000 	C:\WINDOWS\System32\gdi32full.dll
0x00007ffff45d0000 - 0x00007ffff466d000 	C:\WINDOWS\System32\msvcp_win.dll
0x00007ffff4c20000 - 0x00007ffff4c51000 	C:\WINDOWS\System32\IMM32.DLL
0x00007fffdc3b0000 - 0x00007fffdc3bc000 	C:\Users\12136\Desktop\UQ\S4\DECO2800\openjdk-17.0.2_windows-x64_bin\jdk-17.0.2\bin\vcruntime140_1.dll
0x00007fffbfc60000 - 0x00007fffbfced000 	C:\Users\12136\Desktop\UQ\S4\DECO2800\openjdk-17.0.2_windows-x64_bin\jdk-17.0.2\bin\msvcp140.dll
0x00007fff7a930000 - 0x00007fff7b4f1000 	C:\Users\12136\Desktop\UQ\S4\DECO2800\openjdk-17.0.2_windows-x64_bin\jdk-17.0.2\bin\server\jvm.dll
0x00007ffff6810000 - 0x00007ffff68be000 	C:\WINDOWS\System32\ADVAPI32.dll
0x00007ffff6340000 - 0x00007ffff63de000 	C:\WINDOWS\System32\sechost.dll
0x00007ffff6530000 - 0x00007ffff6650000 	C:\WINDOWS\System32\RPCRT4.dll
0x00007ffff4f50000 - 0x00007ffff4f58000 	C:\WINDOWS\System32\PSAPI.DLL
0x00007fffef400000 - 0x00007fffef433000 	C:\WINDOWS\SYSTEM32\WINMM.dll
0x00007fffe23e0000 - 0x00007fffe23e9000 	C:\WINDOWS\SYSTEM32\WSOCK32.dll
0x00007fffed990000 - 0x00007fffed99a000 	C:\WINDOWS\SYSTEM32\VERSION.dll
0x00007ffff5710000 - 0x00007ffff577f000 	C:\WINDOWS\System32\WS2_32.dll
0x00007ffff3060000 - 0x00007ffff3078000 	C:\WINDOWS\SYSTEM32\kernel.appcore.dll
0x00007fffdc040000 - 0x00007fffdc04a000 	C:\Users\12136\Desktop\UQ\S4\DECO2800\openjdk-17.0.2_windows-x64_bin\jdk-17.0.2\bin\jimage.dll
0x00007fffea8c0000 - 0x00007fffeaae1000 	C:\WINDOWS\SYSTEM32\DBGHELP.DLL
0x00007fffe9fe0000 - 0x00007fffea011000 	C:\WINDOWS\SYSTEM32\dbgcore.DLL
0x00007ffff4550000 - 0x00007ffff45cf000 	C:\WINDOWS\System32\bcryptPrimitives.dll
0x00007fffcf1f0000 - 0x00007fffcf215000 	C:\Users\12136\Desktop\UQ\S4\DECO2800\openjdk-17.0.2_windows-x64_bin\jdk-17.0.2\bin\java.dll
0x00007fffbf910000 - 0x00007fffbf9e6000 	C:\Users\12136\Desktop\UQ\S4\DECO2800\openjdk-17.0.2_windows-x64_bin\jdk-17.0.2\bin\jsvml.dll
0x00007ffff58a0000 - 0x00007ffff6058000 	C:\WINDOWS\System32\SHELL32.dll
0x00007ffff1fe0000 - 0x00007ffff2848000 	C:\WINDOWS\SYSTEM32\windows.storage.dll
0x00007ffff48a0000 - 0x00007ffff4c19000 	C:\WINDOWS\System32\combase.dll
0x00007ffff1e70000 - 0x00007ffff1fd6000 	C:\WINDOWS\SYSTEM32\wintypes.dll
0x00007ffff57b0000 - 0x00007ffff589a000 	C:\WINDOWS\System32\SHCORE.dll
0x00007ffff4c60000 - 0x00007ffff4cbd000 	C:\WINDOWS\System32\shlwapi.dll
0x00007ffff3db0000 - 0x00007ffff3dd1000 	C:\WINDOWS\SYSTEM32\profapi.dll
0x00007fffcd010000 - 0x00007fffcd029000 	C:\Users\12136\Desktop\UQ\S4\DECO2800\openjdk-17.0.2_windows-x64_bin\jdk-17.0.2\bin\net.dll
0x00007fffef2f0000 - 0x00007fffef3fc000 	C:\WINDOWS\SYSTEM32\WINHTTP.dll
0x00007ffff3490000 - 0x00007ffff34f7000 	C:\WINDOWS\system32\mswsock.dll
0x00007fffccaf0000 - 0x00007fffccb06000 	C:\Users\12136\Desktop\UQ\S4\DECO2800\openjdk-17.0.2_windows-x64_bin\jdk-17.0.2\bin\nio.dll
0x00007fffccad0000 - 0x00007fffccae8000 	C:\Users\12136\Desktop\UQ\S4\DECO2800\openjdk-17.0.2_windows-x64_bin\jdk-17.0.2\bin\zip.dll
0x00007fffd6ee0000 - 0x00007fffd6ef0000 	C:\Users\12136\Desktop\UQ\S4\DECO2800\openjdk-17.0.2_windows-x64_bin\jdk-17.0.2\bin\verify.dll
0x00000000724b0000 - 0x00000000724d9000 	C:\Users\12136\AppData\Local\Temp\libgdx12136\e787ab0a\gdx64.dll
0x00007fffa94f0000 - 0x00007fffa9565000 	C:\Users\12136\AppData\Local\Temp\lwjgl12136\3.3.1-build-7\lwjgl.dll
0x00007fff7b960000 - 0x00007fff7bbb9000 	C:\Users\12136\AppData\Local\Temp\lwjgl12136\3.3.1-build-7\jemalloc.dll
0x00007fffa59e0000 - 0x00007fffa5a41000 	C:\Users\12136\AppData\Local\Temp\lwjgl12136\3.3.1-build-7\glfw.dll
0x00007fffa24f0000 - 0x00007fffa2535000 	C:\WINDOWS\SYSTEM32\dinput8.dll
0x00007fffbdc00000 - 0x00007fffbdc11000 	C:\WINDOWS\SYSTEM32\xinput1_4.dll
0x00007ffff3b50000 - 0x00007ffff3b9c000 	C:\WINDOWS\SYSTEM32\cfgmgr32.dll
0x00007ffff3ba0000 - 0x00007ffff3bcc000 	C:\WINDOWS\SYSTEM32\DEVOBJ.dll
0x00007ffff1a80000 - 0x00007ffff1aaf000 	C:\WINDOWS\SYSTEM32\dwmapi.dll
0x00007fffd0a60000 - 0x00007fffd0c29000 	C:\WINDOWS\SYSTEM32\inputhost.dll
0x00007ffff0fd0000 - 0x00007ffff1102000 	C:\WINDOWS\SYSTEM32\CoreMessaging.dll
0x00007ffff1580000 - 0x00007ffff162c000 	C:\WINDOWS\system32\uxtheme.dll
0x00007fffc96d0000 - 0x00007fffc9801000 	C:\ProgramData\A-Volute\A-Volute.SonicStudio3\Modules\ScheduledModules\x64\AudioDevProps2.dll
0x00007ffff5490000 - 0x00007ffff562a000 	C:\WINDOWS\System32\ole32.dll
0x00007ffff36f0000 - 0x00007ffff36fc000 	C:\WINDOWS\SYSTEM32\CRYPTBASE.DLL
0x00007ffff66f0000 - 0x00007ffff680e000 	C:\WINDOWS\System32\MSCTF.dll
0x00007fff7ee00000 - 0x00007fff7ef97000 	C:\Users\12136\AppData\Local\Temp\lwjgl12136\3.3.1-build-7\OpenAL.dll
0x00007ffff4e80000 - 0x00007ffff4f2f000 	C:\WINDOWS\System32\clbcatq.dll
0x00007fffea020000 - 0x00007fffea0bc000 	C:\WINDOWS\System32\MMDevApi.dll
0x00007fffe0a60000 - 0x00007fffe0c33000 	C:\WINDOWS\SYSTEM32\AudioSes.dll
0x00007fffdf340000 - 0x00007fffdf360000 	C:\ProgramData\A-Volute\A-Volute.SonicStudio3\Modules\ScheduledModules\x64\ProductInfo.dll
0x00007ffff04a0000 - 0x00007ffff0597000 	C:\WINDOWS\SYSTEM32\PropSys.dll
0x00007ffff1850000 - 0x00007ffff1865000 	C:\WINDOWS\SYSTEM32\resourcepolicyclient.dll
0x00007ffff2d60000 - 0x00007ffff2dad000 	C:\WINDOWS\SYSTEM32\powrprof.dll
0x00007ffff2c80000 - 0x00007ffff2c93000 	C:\WINDOWS\SYSTEM32\UMPDC.dll
0x00007fffcccb0000 - 0x00007fffccdb1000 	C:\WINDOWS\SYSTEM32\opengl32.dll
0x00007fffd5de0000 - 0x00007fffd5e0d000 	C:\WINDOWS\SYSTEM32\GLU32.dll
0x00007ffff16c0000 - 0x00007ffff16f8000 	C:\WINDOWS\SYSTEM32\dxcore.dll
0x00007fffed0e0000 - 0x00007fffed214000 	C:\Windows\System32\AppXDeploymentClient.dll
0x00007fffece80000 - 0x00007fffed06f000 	C:\WINDOWS\SYSTEM32\urlmon.dll
0x00007fffecbc0000 - 0x00007fffece73000 	C:\Windows\System32\iertutil.dll
0x00007ffff2b00000 - 0x00007ffff2b0c000 	C:\Windows\System32\netutils.dll
0x00007fffed380000 - 0x00007fffed3a8000 	C:\Windows\System32\srvcli.dll
0x00007fff868f0000 - 0x00007fff89918000 	C:\WINDOWS\System32\DriverStore\FileRepository\nvaki.inf_amd64_7463377871fa5c12\nvoglv64.dll
0x00007ffff4f60000 - 0x00007ffff53cc000 	C:\WINDOWS\System32\SETUPAPI.dll
0x00007ffff5630000 - 0x00007ffff5706000 	C:\WINDOWS\System32\OLEAUT32.dll
0x00007ffff0600000 - 0x00007ffff0614000 	C:\WINDOWS\SYSTEM32\WTSAPI32.dll
0x00007ffff3730000 - 0x00007ffff3742000 	C:\WINDOWS\SYSTEM32\msasn1.dll
0x00007fffed8b0000 - 0x00007fffed8e1000 	C:\WINDOWS\SYSTEM32\cryptnet.dll
0x00007ffff3f40000 - 0x00007ffff40a2000 	C:\WINDOWS\System32\CRYPT32.dll
0x00007fffebc90000 - 0x00007fffebdd9000 	C:\WINDOWS\SYSTEM32\drvstore.dll
0x00007ffff37a0000 - 0x00007ffff37e1000 	C:\WINDOWS\SYSTEM32\wldp.dll
0x00007ffff4670000 - 0x00007ffff46d8000 	C:\WINDOWS\System32\WINTRUST.dll
0x00007ffff1800000 - 0x00007ffff1834000 	C:\WINDOWS\SYSTEM32\ntmarta.dll
0x00007fffd03e0000 - 0x00007fffd0697000 	C:\WINDOWS\system32\nvspcap64.dll
0x00007ffff2a90000 - 0x00007ffff2af3000 	C:\WINDOWS\SYSTEM32\WINSTA.dll
0x00007fffa2210000 - 0x00007fffa226d000 	C:\Users\12136\AppData\Local\Temp\lwjgl12136\3.3.1-build-7\lwjgl_opengl.dll
0x00007fffe2020000 - 0x00007fffe214d000 	C:\WINDOWS\SYSTEM32\textinputframework.dll
0x00007fffeec50000 - 0x00007fffeefbd000 	C:\WINDOWS\SYSTEM32\CoreUIComponents.dll
0x0000000072450000 - 0x00000000724aa000 	C:\Users\12136\AppData\Local\Temp\libgdx12136\888fe1bc\gdx-box2d64.dll
0x00007ffff36d0000 - 0x00007ffff36e8000 	C:\WINDOWS\SYSTEM32\CRYPTSP.dll
0x00007ffff2fc0000 - 0x00007ffff2ff5000 	C:\WINDOWS\system32\rsaenh.dll
0x00007ffff3580000 - 0x00007ffff35a9000 	C:\WINDOWS\SYSTEM32\USERENV.dll
0x00007ffff3860000 - 0x00007ffff3887000 	C:\WINDOWS\SYSTEM32\bcrypt.dll
0x00007ffff2b10000 - 0x00007ffff2b3d000 	C:\WINDOWS\SYSTEM32\IPHLPAPI.DLL
0x00007ffff6650000 - 0x00007ffff6659000 	C:\WINDOWS\System32\NSI.dll
0x00007fffef4a0000 - 0x00007fffef4b9000 	C:\WINDOWS\SYSTEM32\dhcpcsvc6.DLL
0x00007fffef7e0000 - 0x00007fffef7fe000 	C:\WINDOWS\SYSTEM32\dhcpcsvc.DLL
0x00007ffff2b40000 - 0x00007ffff2c28000 	C:\WINDOWS\SYSTEM32\DNSAPI.dll

dbghelp: loaded successfully - version: 4.0.5 - missing functions: none
symbol engine: initialized successfully - sym options: 0x614 - pdb path: .;C:\Users\12136\Desktop\UQ\S4\DECO2800\openjdk-17.0.2_windows-x64_bin\jdk-17.0.2\bin;C:\WINDOWS\SYSTEM32;C:\WINDOWS\WinSxS\amd64_microsoft.windows.common-controls_6595b64144ccf1df_6.0.22000.120_none_9d947278b86cc467;C:\Users\12136\Desktop\UQ\S4\DECO2800\openjdk-17.0.2_windows-x64_bin\jdk-17.0.2\bin\server;C:\Users\12136\AppData\Local\Temp\libgdx12136\e787ab0a;C:\Users\12136\AppData\Local\Temp\lwjgl12136\3.3.1-build-7;C:\ProgramData\A-Volute\A-Volute.SonicStudio3\Modules\ScheduledModules\x64;C:\WINDOWS\System32\DriverStore\FileRepository\nvaki.inf_amd64_7463377871fa5c12;C:\Users\12136\AppData\Local\Temp\libgdx12136\888fe1bc

VM Arguments:
jvm_args: -Dfile.encoding=GBK -Duser.country=CN -Duser.language=zh -Duser.variant 
java_command: com.deco2800.game.desktop.DesktopLauncher
java_class_path (initial): C:\Users\12136\Desktop\UQ\S4\DECO2800\2022-studio-1\source\desktop\build\classes\java\main;C:\Users\12136\Desktop\UQ\S4\DECO2800\2022-studio-1\source\desktop\build\resources\main;C:\Users\12136\.gradle\caches\modules-2\files-2.1\com.badlogicgames.gdx\gdx-backend-lwjgl3\1.11.0\58a96db4cd349be4292d547856aa1e1c5f065f4e\gdx-backend-lwjgl3-1.11.0.jar;C:\Users\12136\.gradle\caches\modules-2\files-2.1\com.badlogicgames.gdx\gdx-platform\1.11.0\697fb13eada6d3c6ca648c9788692b0159add126\gdx-platform-1.11.0-natives-desktop.jar;C:\Users\12136\.gradle\caches\modules-2\files-2.1\com.badlogicgames.gdx\gdx-box2d-platform\1.11.0\62ff9baa1e57a11e0a4428a38c9660bf9f312fdc\gdx-box2d-platform-1.11.0-natives-desktop.jar;C:\Users\12136\.gradle\caches\modules-2\files-2.1\com.badlogicgames.gdx\gdx-tools\1.11.0\a5d30eafd0f2fbab314efdf6d98ebc27388b7c0a\gdx-tools-1.11.0.jar;C:\Users\12136\.gradle\caches\modules-2\files-2.1\com.badlogicgames.gdx-controllers\gdx-controllers-desktop\2.2.2\625b3bdbe803e9c4af181b4791202cfcf776d805\gdx-controllers-desktop-2.2.2.jar;C:\Users\12136\Desktop\UQ\S4\DECO2800\2022-studio-1\source\core\build\libs\core-1.0.jar;C:\Users\12136\.gradle\caches\modules-2\files-2.1\com.google.code.gson\gson\2.9.0\8a1167e089096758b49f9b34066ef98b2f4b37aa\gson-2.9.0.jar;C:\Users\12136\.gradle\caches\modules-2\files-2.1\com.badlogicgames.gdx\gdx-backend-lwjgl\1.11.0\33555a2cf8b4d9db4122b2fe42e7674b343d8b4\gdx-backend-lwjgl-1.11.0.jar;C:\Users\12136\.gradle\caches\modules-2\files-2.1\com.badlogicgames.gdx\gdx-freetype\1.11.0\a3634ad2e6c56d251268d6ab5c0f66eee2841f2c\gdx-freetype-1.11.0.jar;C:\Users\12136\.gradle\caches\modules-2\files-2.1\com.badlogicgames.gdx\gdx-backend-headless\1.11.0\3c3d0c951db72891d894df1725d09179fd0bca00\gdx-backend-headless-1.11.0.jar;C:\Users\12136\.gradle\caches\modules-2\files-2.1\com.badlogicgames.gdx-controllers\gdx-controllers-core\2.2.2\25473efe9273912a03a4871a9e1469b41d86face\gdx-controllers-core-2.2.2.jar;C:\Users\12136\.grad
Launcher Type: SUN_STANDARD

[Global flags]
     intx CICompilerCount                          = 4                                         {product} {ergonomic}
     uint ConcGCThreads                            = 3                                         {product} {ergonomic}
     uint G1ConcRefinementThreads                  = 10                                        {product} {ergonomic}
   size_t G1HeapRegionSize                         = 2097152                                   {product} {ergonomic}
    uintx GCDrainStackTargetSize                   = 64                                        {product} {ergonomic}
   size_t InitialHeapSize                          = 268435456                                 {product} {ergonomic}
   size_t MarkStackSize                            = 4194304                                   {product} {ergonomic}
   size_t MaxHeapSize                              = 4280287232                                {product} {ergonomic}
   size_t MaxNewSize                               = 2566914048                                {product} {ergonomic}
   size_t MinHeapDeltaBytes                        = 2097152                                   {product} {ergonomic}
   size_t MinHeapSize                              = 8388608                                   {product} {ergonomic}
    uintx NonNMethodCodeHeapSize                   = 5839372                                {pd product} {ergonomic}
    uintx NonProfiledCodeHeapSize                  = 122909434                              {pd product} {ergonomic}
    uintx ProfiledCodeHeapSize                     = 122909434                              {pd product} {ergonomic}
    uintx ReservedCodeCacheSize                    = 251658240                              {pd product} {ergonomic}
     bool SegmentedCodeCache                       = true                                      {product} {ergonomic}
   size_t SoftMaxHeapSize                          = 4280287232                             {manageable} {ergonomic}
     bool UseCompressedClassPointers               = true                           {product lp64_product} {ergonomic}
     bool UseCompressedOops                        = true                           {product lp64_product} {ergonomic}
     bool UseG1GC                                  = true                                      {product} {ergonomic}
     bool UseLargePagesIndividualAllocation        = false                                  {pd product} {ergonomic}

Logging:
Log output configuration:
 #0: stdout all=warning uptime,level,tags
 #1: stderr all=off uptime,level,tags

Environment Variables:
JAVA_HOME=C:\Users\12136\Desktop\UQ\S4\DECO2800\openjdk-17.0.2_windows-x64_bin\jdk-17.0.2
PATH=C:\Windows\system32;C:\Windows;C:\Windows\System32\Wbem;C:\Windows\System32\WindowsPowerShell\v1.0\;C:\Windows\System32\OpenSSH\;C:\Program Files (x86)\NVIDIA Corporation\PhysX\Common;C:\Program Files\NVIDIA Corporation\NVIDIA NvDLISR;C:\WINDOWS\system32;C:\WINDOWS;C:\WINDOWS\System32\Wbem;C:\WINDOWS\System32\WindowsPowerShell\v1.0\;C:\WINDOWS\System32\OpenSSH\;D:\PuTTY\;C:\Program Files\nodejs\;D:\Git\cmd;C:\Users\12136\AppData\Local\Microsoft\WindowsApps;;C:\Users\12136\AppData\Local\Programs\Microsoft VS Code\bin;C:\Users\12136\AppData\Roaming\npm
USERNAME=12136
OS=Windows_NT
PROCESSOR_IDENTIFIER=AMD64 Family 23 Model 113 Stepping 0, AuthenticAMD



---------------  S Y S T E M  ---------------

OS:
 Windows 11 , 64 bit Build 22000 (10.0.22000.708)
OS uptime: 2 days 21:17 hours

CPU: total 12 (initial active 12) (12 cores per cpu, 2 threads per core) family 23 model 113 stepping 0 microcode 0x0, cx8, cmov, fxsr, ht, mmx, 3dnowpref, sse, sse2, sse3, ssse3, sse4a, sse4.1, sse4.2, popcnt, lzcnt, tsc, tscinvbit, avx, avx2, aes, clmul, bmi1, bmi2, adx, sha, fma, vzeroupper, clflush, clflushopt

Memory: 4k page, system-wide physical 16321M (7103M free)
TotalPageFile size 33729M (AvailPageFile size 15745M)
current process WorkingSet (physical memory assigned to process): 341M, peak: 1801M
current process commit charge ("private bytes"): 2524M, peak: 2621M

vm_info: OpenJDK 64-Bit Server VM (17.0.2+8-86) for windows-amd64 JRE (17.0.2+8-86), built on Dec  7 2021 21:49:10 by "mach5one" with MS VC++ 16.8 / 16.9 (VS2019)

END.
